37 1499
61 3469
34 5689
18 339
189 4519
212 5309
217 2879
28 549
149 4359
313 3239
409 4939
195 5429
351 4709
250 3491
186 3602
172 2002
298 4729
205 2302
325 5289
89 4869
384 4869
40 5279
45 2309
382 4209
16 272
27 4362
74 5339
328 3879
341 4779
414 4732
59 3629
264 2849
264 4079
85 1569
191 5029
239 5029
388 4789
287 5319
236 5379
241 3589
104 2232
217 2829
268 4952
365 4952
155 2229
199 3679
66 3482
224 2849
374 5649
177 2189
76 1689
126 4439
142 1689
168 2639
331 3649
20 1509
11 769
283 5189
126 4249
30 2639
426 5479
21 3079
44 1723
232 2333
249 4273
146 3503
10 2053
89 4749
230 5193
247 3629
89 5289
193 5549
232 5239
92 4149
92 5019
97 1899
97 4329
325 4869
113 1249
113 4639
113 5599
118 2009
358 3969
50 3789
159 3879
159 5309
9 2309
226 4363
27 663
27 3419
28 1629
179 4039
179 5559
334 3813
387 4949
417 5589
34 2539
34 2819
128 1309
130 2839
33 2659
33 4429
79 3449
245 4339
59 3079
85 5309
165 3709
189 4649
436 4823
82 4769
225 4659
313 4769
82 1969
104 5573
141 5069
300 5573
346 5573
556 5573
358 4439
49 3849
118 1329
140 3559
146 3459
154 3559
212 2179
217 3289
217 3519
223 3213
223 3463
223 5253
242 2959
295 3169
295 5039
302 3569
331 3549
384 4029
22 2079
28 5179
46 5179
158 5679
286 3619
28 3189
28 4939
13 549
143 5389
199 5189
222 3759
243 4419
438 5379
191 2169
260 2849
261 3749
385 4039
49 3479
133 2319
187 4099
229 4989
231 5679
260 3319
272 3829
313 3329
336 4099
52 4839
122 3189
125 4833
241 3099
241 3979
305 5163
150 4439
375 5459
424 5459
443 5459
484 5459
498 5209
58 669
75 5209
91 1489
91 1959
91 2929
91 4499
14 5109
250 4233
305 4233
364 4909
333 3899
35 1339
99 1889
100 4779
188 4709
235 4609
294 3459
299 4829
142 3719
150 4249
195 3869
208 3719
252 3059
429 5083
429 5353
429 5513
327 4399
129 4549
2 2349
250 2529
23 2589
235 2749
235 3429
154 2729
246 5519
292 5439
326 4049
326 4309
185 4159
206 2109
227 2709
227 3049
145 2494
233 5604
10 1949
25 2209
189 3504
350 4514
472 4749
10 5194
92 4854
156 5289
61 2234
94 4569
97 3179
306 5604
538 5604
65 1064
466 5279
145 4274
163 2209
314 5114
13 2789
34 4889
53 1599
131 1599
159 5079
268 3789
365 3789
94 4679
160 4289
225 4679
310 4679
54 1989
30 1989
290 4209
406 4209
412 4209
48 5339
8 5134
128 1629
131 3879
143 3349
151 1799
162 3449
17 1329
312 3419
334 3994
334 5164
387 4059
439 5339
27 4734
502 5339
41 749
41 939
41 1979
41 5029
145 2674
145 3439
145 3829
34 2579
41 489
5 3449
33 2409
320 4059
433 4529
436 5134
31 2819
3 2819
356 4059
381 4419
43 2819
127 4364
131 5309
189 3069
347 5309
370 3949
370 5659
406 4289
112 4329
156 1649
215 5029
256 5029
365 4659
432 5079
440 4789
465 4839
141 5574
151 3139
207 5574
212 2879
274 5574
287 4819
306 4234
317 3289
460 5574
548 5574
28 849
84 2459
84 4529
439 5469
15 3589
126 2369
150 2369
236 4409
348 5019
112 3569
132 1339
188 2179
209 4959
223 3044
223 3394
223 4264
223 5474
223 5484
295 3269
295 4199
325 3849
368 3849
384 4919
384 4989
392 5219
483 4954
51 2179
70 1809
70 3269
70 3569
122 5179
158 3309
40 2169
447 5179
469 5179
28 1879
167 4754
3 1999
222 3979
243 4129
243 4799
267 4754
327 5379
382 4759
475 5084
475 5514
149 1919
149 3869
155 3979
191 3889
191 4399
234 3749
284 3319
284 4909
348 4734
103 3479
109 1659
133 5679
165 2739
180 2869
224 2609
231 3719
286 3569
286 3639
30 2319
311 4234
331 5679
333 3829
337 4199
347 4009
52 3659
382 5239
412 4289
497 4989
114 2279
265 3189
268 4839
280 4409
397 4839
440 5459
99 4649
210 4739
221 4439
37 2159
37 4779
309 4439
524 5459
66 2589
66 4159
66 5159
66 5639
85 4009
91 1709
91 5439
137 4009
138 4239
14 4079
261 3249
314 4239
371 4909
395 4009
423 4799
129 5599
140 3899
148 1669
148 4319
154 3899
170 5129
24 2379
263 3369
275 3369
290 3899
336 4699
356 5039
389 5419
512 5599
74 4779
51 3459
107 1889
11 1739
133 1429
133 3299
173 3299
188 4219
11 2249
53 1889
252 3459
56 3459
345 4709
76 3719
124 4389
150 2169
195 2289
216 4389
56 3059
329 3719
438 4549
72 5549
22 5549
2 2579
219 2579
228 4879
228 4969
299 4499
308 5549
327 3889
94 4849
50 4849
375 4849
397 4849
484 5249
100 3129
110 1439
23 589
56 2509
487 5429
2 2539
99 1079
124 3869
36 2549
227 3399
235 5219
58 1859
22 2359
64 679
35 369
339 4719
339 5259
58 2069
386 4639
386 4969
36 2629
80 4599
105 2679
138 2729
157 4429
166 2929
180 2939
50 4249
218 2709
246 2679
68 2729
292 4319
292 4969
56 4219
458 4599
459 5449
105 5479
3 969
3 5669
294 3289
3 799
431 4499
64 5069
95 5159
104 4269
171 2429
185 2109
190 2429
210 5159
242 3359
22 699
258 5159
304 5479
415 5159
69 3199
107 2529
134 4809
134 5099
269 4049
323 4049
352 4809
352 5099
357 4049
359 5219
505 5219
64 3199
21 4379
96 3229
96 3679
202 4459
211 2389
238 3039
471 5499
196 2939
304 3219
115 3599
115 5059
77 2475
116 4725
123 1655
189 3835
373 4335
14 4855
61 4255
1 3385
193 4135
225 4565
232 2905
232 5625
1 575
243 5605
326 4865
361 4865
189 5115
198 2785
278 3905
311 5115
19 1635
57 1635
236 2445
244 3585
244 4435
106 1275
199 4885
280 3965
58 2005
159 3285
6 95
411 4575
155 4675
42 3995
89 1565
42 4285
376 4805
376 5095
49 895
27 2265
161 2985
226 3485
226 5145
282 2985
355 4205
111 4175
37 4225
162 2455
162 4335
162 4525
82 1795
179 1965
216 5335
250 3345
317 3875
341 3485
341 5145
9 485
387 4325
399 4415
79 1305
130 5185
5 1305
128 3445
33 1575
33 2635
320 4945
5 4335
16 585
112 4055
289 3555
302 4055
348 4145
349 3815
381 4125
414 4315
57 1825
19 3705
185 2645
189 3115
260 2645
23 2645
287 5305
395 5305
55 2645
481 5305
74 5025
126 4785
150 4785
156 3475
156 3955
245 3905
390 4525
440 5615
141 2355
71 2555
151 4595
177 4255
82 3325
21 825
80 825
287 3475
287 4005
317 5075
110 1215
126 5465
150 5465
24 2205
209 2485
216 5465
248 4555
69 5585
358 4405
112 2425
112 3165
118 3545
122 1285
69 3925
132 2245
95 3545
171 3025
173 3545
190 3025
217 2945
217 4165
53 2175
224 3545
253 3385
255 3385
277 3555
280 3795
295 3565
302 3355
307 4955
55 3545
75 3845
13 4525
67 2075
158 1785
158 2845
158 4905
187 5175
207 4605
207 5065
13 2455
28 4525
282 4895
282 5315
15 505
15 5455
70 4195
361 3985
361 4195
50 2255
493 5175
199 2835
221 2225
222 2415
19 245
243 3495
243 5165
68 2435
13 285
94 2225
31 1995
343 4755
429 4755
43 1995
454 5375
464 5385
537 5595
116 3255
118 2245
144 2095
144 4555
149 3275
219 3745
251 3015
251 3745
253 3015
284 3305
85 3255
356 4945
374 4505
446 4515
446 5075
127 2565
75 4975
206 2605
229 4375
250 3115
311 4645
313 4375
313 4555
382 5525
455 4975
24 1655
165 5045
177 4265
177 4685
177 5255
184 5165
241 2805
241 2965
241 5455
108 3165
316 3565
318 4475
318 4695
90 2995
423 5165
114 3215
114 3465
114 5475
68 5165
20 4435
52 2805
168 4425
258 4735
280 5455
66 4735
37 1005
76 2595
37 5425
56 4645
36 1685
415 4735
443 5245
14 4805
14 5095
184 4235
187 2655
219 3245
234 3245
91 5425
253 3245
255 3245
279 3885
279 4395
80 5205
87 915
400 4895
400 5315
400 5325
437 5205
103 3955
148 1705
148 4485
157 3365
242 3565
265 3365
277 3895
26 3365
85 3955
80 4555
395 4815
107 3455
173 3315
188 2945
188 4165
197 4775
197 4825
224 3295
11 3315
11 1335
76 1335
299 4775
36 1335
99 3455
140 4295
11 3715
36 3715
150 3885
154 4295
209 3075
209 3325
209 4585
209 4595
209 5445
212 3515
246 3915
129 1955
333 4295
105 3915
5 2115
388 4385
5 5345
429 5235
429 5525
438 4395
5 3225
166 2285
170 2285
215 2995
228 4315
228 4485
126 4395
268 2965
268 3755
124 3275
36 765
202 2085
110 4705
76 1195
30 2085
309 4845
327 4545
76 1835
363 4305
74 2155
135 2835
126 2165
131 1715
2 1825
100 4875
292 4485
304 5485
312 4315
312 4485
364 4075
364 4805
364 5095
386 4355
518 5345
58 955
218 3395
219 2535
321 3395
339 4265
99 1435
375 3975
386 4545
36 1425
67 695
99 4215
167 2675
170 2925
175 2465
120 4425
30 4425
134 4075
218 5475
246 3215
254 4425
262 4425
267 5085
272 5415
20 505
309 4245
314 3495
21 4595
332 4595
352 4075
442 4455
50 3095
105 3215
211 5185
105 1755
138 3495
328 4165
352 5635
68 3495
3 5185
134 5635
431 5435
69 5065
22 5215
196 3985
111 2745
98 2745
219 2515
94 5245
108 2425
104 5255
20 945
468 5495
134 2105
210 3525
69 5055
252 4215
69 3595
30 1205
111 4265
21 4035
332 4035
80 4035
167 2705
134 2585
21 805
98 3425
134 4155
258 3525
64 3595
270 5085
270 5355
51 535
352 4155
64 5055
96 3035
120 2025
184 2905
211 5665
290 4795
111 4715
322 5665
332 4375
96 5685
366 5665
367 5665
500 5665
536 5665
542 5435
164 4815
164 5035
171 4815
117 3195
87 5435
293 4305
120 1575
525 5495
308 3595
308 5055
72 5055
72 3595
115 3195
152 5265
60 1525
62 1525
38 706
136 4086
1 256
6 1946
123 2036
164 4746
63 1396
179 2476
171 5286
376 4856
61 1536
136 1446
136 4556
225 5276
292 3726
148 3726
113 2716
84 2786
267 4276
153 1776
306 5116
163 1826
244 5616
113 5376
106 5136
281 4886
95 2006
44 1016
8 446
55 2006
107 4576
6 106
6 2306
378 3976
378 4846
457 4706
81 4576
89 3256
310 4656
310 4836
160 4416
120 1986
198 4926
137 2986
272 4206
22 4136
63 666
91 4226
305 3346
9 4666
17 1736
342 4176
380 3996
58 636
399 4286
417 4606
417 5496
34 3386
34 716
130 3446
317 3206
344 4336
16 5156
112 3206
180 2886
45 486
243 3816
40 456
289 3336
289 3896
289 5626
333 5626
381 5166
140 2896
414 5146
523 5626
552 5626
40 4666
206 2646
59 4376
59 4596
59 1516
48 4666
196 4766
197 5026
40 486
269 4766
285 4766
103 1566
358 5616
82 4036
71 2536
287 3956
306 5386
141 3426
151 4376
220 2736
121 1436
40 5466
109 2206
235 5586
312 5016
358 5456
431 5016
521 5586
132 3296
112 4946
164 3026
257 3386
83 2376
286 2956
146 4466
302 5036
83 3406
125 4956
312 5146
46 1286
348 5146
128 1356
128 4346
384 4106
132 1736
458 4956
495 5446
158 3646
137 2826
70 2866
282 3516
28 2456
326 3616
361 3636
361 4306
20 2256
40 2796
453 5076
222 3096
250 5386
305 5386
93 1976
124 5376
93 1276
463 5376
54 4456
178 2846
120 4926
242 4946
254 4926
255 3016
182 3016
262 4926
118 1736
155 4836
149 2396
316 4946
324 3746
325 4026
155 3656
53 5076
149 4546
54 1576
125 3856
149 4636
54 2756
416 4516
428 4416
54 4016
124 1496
54 4096
201 4976
74 1276
229 3136
229 4556
229 4976
231 2546
231 2626
24 2736
154 3826
180 3376
95 2606
11 5676
24 1096
268 3656
286 3266
286 4196
80 2296
80 3136
55 2606
313 5206
85 1166
329 5676
337 3636
85 3476
365 4836
371 5676
125 3626
107 4116
127 4826
401 4096
409 4456
411 4216
411 4706
491 4976
36 2316
241 3756
241 4846
177 4716
37 906
318 4936
187 3186
90 916
114 3006
85 4026
177 3396
142 2596
168 2626
237 5226
37 2996
24 5226
280 2966
280 3756
305 4646
168 2026
168 2546
340 5226
37 876
143 4646
410 4986
473 5106
473 5636
212 4006
216 2796
219 2556
11 4906
126 2796
14 3526
257 3246
14 1346
2 3246
331 4906
349 4236
187 4476
187 4696
455 5206
2 4506
150 2796
240 3366
24 5046
272 3896
166 5126
49 856
386 5596
496 5126
224 3316
197 2566
104 4606
188 3456
329 3316
345 4216
369 5046
74 2566
74 4826
460 5496
51 1886
477 4826
137 2126
21 2096
239 4386
240 4936
178 4076
178 4806
178 5096
339 3916
343 4296
212 5316
143 3056
197 2156
239 4546
239 4636
126 3886
124 2396
268 3976
299 5426
319 5546
87 2996
359 5546
64 5546
100 2996
505 5546
35 766
129 1666
283 4346
88 2836
36 2086
326 3636
129 4966
363 4046
86 2836
2 2516
131 3356
2 2196
23 956
79 5346
52 3976
170 4356
23 556
312 4496
312 4876
312 5436
107 1106
131 1906
143 2506
108 1316
110 2526
431 4876
444 5486
448 4496
103 1316
182 2196
263 4016
67 5216
339 5476
210 5106
352 5106
134 5106
47 1766
58 5156
22 676
246 2706
263 2756
263 4426
263 4456
267 2706
267 5516
272 2776
272 2906
277 3146
50 5246
175 2676
120 2636
227 2466
20 4246
180 3266
55 1856
351 5316
20 2216
56 1436
403 4596
94 2216
437 4596
50 946
100 5436
221 4246
218 3216
180 4046
105 2706
234 3666
234 5006
234 5366
3 3036
303 5186
234 5686
184 3496
322 5186
328 4466
349 4796
105 2276
3 3226
206 5156
103 1906
22 5066
274 5496
103 1086
111 4686
104 1116
293 3986
95 1856
103 1646
104 5496
98 4686
104 3426
343 5526
143 2526
94 3096
22 646
103 3356
506 5216
140 3436
98 4266
12 1426
293 4046
29 356
119 1426
64 5216
333 3436
343 5236
403 4376
404 4306
120 2756
142 1836
270 5516
20 5246
323 4306
80 3326
175 5356
51 4466
20 3096
196 3236
111 3426
96 5006
115 1766
167 1756
138 2906
303 5666
152 1766
96 5366
238 5646
238 5686
175 5086
68 2906
98 4716
117 1766
96 3666
175 5516
449 5426
196 3576
108 4816
108 5036
304 3466
190 4816
190 5036
335 4816
335 5036
171 5036
31 4996
31 4346
269 2936
269 4306
87 4496
285 2936
285 4306
293 3576
315 5266
79 3676
62 3156
60 3156
79 2116
357 4306
122 4346
88 1226
7 316
86 1226
122 4996
79 3036
7 1226
68 2776
46 4996
7 466
164 1716
68 5416
108 1646
111 5256
53 2946
308 3196
72 3196
277 4796
184 2776
62 726
72 5266
60 726
43 4996
308 5266
60 3086
43 4346
62 3086
43 1356
7 436
181 2137
32 657
186 4277
97 3837
205 5197
58 1397
203 5657
553 5557
50 4567
92 3727
44 657
20 5277
271 3967
271 4407
93 1067
396 4407
101 4367
3 4887
42 5507
78 1697
10 2307
428 5507
42 3807
160 4067
465 4677
160 4127
298 5317
226 3417
64 4137
413 5547
8 4367
9 457
90 4227
41 5337
27 3487
145 4757
16 667
320 4327
33 3367
93 5137
127 5137
7 787
288 2937
288 4047
57 2197
78 4997
57 3017
380 4287
405 4947
59 4037
109 3707
406 4417
273 3707
323 4767
181 2667
155 4657
236 5617
237 2667
478 5617
141 2077
151 4037
141 2747
251 5657
71 2577
394 5657
425 4687
425 4717
450 5657
121 2527
21 2487
13 847
56 1217
182 3947
67 5587
501 5147
506 5587
268 3797
296 3797
51 1467
83 1657
355 3897
375 3797
70 2957
272 3557
83 5047
260 3547
11 1327
175 2977
174 5517
297 5087
297 5357
174 5357
181 3697
328 4537
207 2357
15 4247
174 5087
15 2217
94 2257
167 2977
161 2827
416 4537
167 1747
181 3407
19 2737
311 5387
222 4847
74 937
19 1097
294 4517
284 3647
49 3257
191 2397
191 3277
51 4517
21 1447
362 3857
191 4387
385 4587
385 5447
202 4927
144 3327
412 4417
30 4927
307 3627
293 3377
201 4107
208 2317
337 4047
229 5207
343 3827
275 4097
49 1167
362 4587
362 5447
365 3977
196 5557
269 5557
285 5557
490 5677
497 5207
157 4097
316 5037
349 5167
165 5227
114 4447
168 2087
119 2597
75 4987
250 4647
368 4107
368 4987
12 2597
410 4917
424 4437
491 4987
504 5227
81 1077
329 4907
81 1107
125 3077
187 4937
81 4707
182 4507
125 4587
444 5567
81 4217
255 2577
125 5447
26 4937
26 2407
124 5597
148 2287
386 5127
435 5127
454 5597
463 5597
274 4607
340 3697
342 4607
133 3717
256 4777
237 3697
215 4827
212 4897
227 3917
327 4387
5 797
330 3647
330 4077
330 4807
330 5097
340 5047
212 5327
237 5047
18 1197
18 1837
391 5477
240 4697
240 4477
195 4357
166 1957
18 297
170 1957
218 3917
18 357
228 2927
239 3277
180 4197
363 4197
52 2687
216 3887
52 2967
129 4357
208 2547
208 2627
304 3777
31 2837
129 3867
377 5487
180 3637
421 4707
43 2837
137 5327
346 5487
166 4357
351 5327
131 4817
300 5487
367 5347
23 5157
431 4487
448 5437
449 4877
110 4217
161 5327
52 3757
531 5327
161 4897
120 4017
235 5067
67 2357
258 5107
157 4017
161 5317
99 2527
182 2517
415 5107
157 2637
351 4897
170 4967
87 1007
218 2277
55 2067
202 4427
100 4497
100 5427
218 2467
424 5247
137 3517
166 1707
105 2187
314 5417
234 5647
346 4447
3 3677
261 3667
367 5187
261 5007
53 3287
210 5637
79 5187
261 5367
261 5687
227 5477
357 3987
98 1047
140 5527
104 2747
154 5527
426 4687
103 4817
285 3987
242 5037
323 3987
185 5157
269 3987
30 2027
30 2547
154 3437
210 2587
35 1427
426 4717
30 2627
64 697
51 4167
342 5497
35 1197
95 2067
35 1837
140 5237
323 3577
80 4377
12 357
154 5237
202 2547
238 5667
202 2627
238 5007
290 5417
96 2387
176 3157
309 5247
277 2907
238 3667
238 5367
60 1177
300 3047
265 4937
117 5267
62 1177
196 2857
196 2697
79 3227
154 3337
53 4167
98 5497
53 4467
122 1357
416 4467
98 5257
31 867
31 887
211 3677
294 4467
68 4797
164 3357
68 1387
46 867
120 4457
46 887
46 4347
164 1907
68 1847
157 4457
184 5417
479 5417
108 1717
138 2777
115 5267
7 1357
62 1157
43 867
43 887
60 1157
434 4997
135 4997
296 5298
158 2148
73 4188
357 5538
22 1938
17 2048
118 2048
153 4258
169 4618
73 1698
14 3768
155 3108
73 4618
78 4618
49 1478
116 1478
17 1188
87 4228
16 638
199 2818
45 4668
414 5018
406 4128
266 3538
13 3908
317 4328
84 3908
236 4788
71 3388
306 3118
144 2488
279 5468
19 2208
248 3328
99 1218
394 4508
251 3948
319 3928
146 4518
146 2948
245 4528
318 5178
15 5248
446 4538
53 4538
174 2978
181 3538
328 5078
2 3748
307 3858
347 3958
357 5558
75 2018
116 4028
81 4118
110 4118
119 3938
340 3538
90 5428
87 908
114 3048
29 3938
353 3698
49 4028
18 3938
237 3538
12 3938
183 3938
75 4108
183 2598
47 5408
152 5408
29 2598
539 5408
540 5698
377 5568
300 5568
253 2558
346 5568
548 5568
26 2658
26 4478
315 5398
315 5698
26 4698
173 2248
215 2568
75 3688
256 4828
215 4778
126 1508
240 2658
178 3648
178 3308
321 3918
250 3058
195 4968
12 188
296 3758
216 4398
253 2578
326 4198
74 1978
388 4398
107 4708
76 1428
346 3778
377 4448
435 4968
322 5348
23 2068
448 4878
303 5348
487 5438
489 5328
56 998
161 3518
454 4638
237 3408
47 3158
275 4018
510 5638
137 1618
138 3148
75 4918
56 2528
11 3298
314 4798
407 5098
221 3098
407 4808
184 3148
221 5248
300 4448
415 5638
258 5638
304 4448
261 5648
234 2618
274 3428
185 2068
321 5478
398 4308
333 5528
468 4718
468 5258
523 5528
426 5258
29 1198
307 4588
157 2758
275 4458
69 5218
210 4158
29 1838
12 298
307 5448
285 3238
51 2948
140 3338
166 4968
269 3238
333 5238
140 1548
175 2708
21 3328
535 5518
87 5428
62 1768
60 1768
447 4938
265 4478
227 3218
471 5258
366 5648
489 5318
500 5648
96 5668
137 4898
176 5268
536 5648
564 5688
258 4158
300 3468
72 1178
265 4698
115 1178
117 3088
449 5438
46 1228
366 5688
211 3038
211 3228
98 1118
124 4548
500 5688
294 4168
536 5688
152 3158
469 4938
107 4218
46 1358
138 5418
277 5418
508 5518
167 5518
319 3598
171 1908
171 3358
12 1838
12 1198
319 5058
111 5498
137 5318
303 3678
322 3678
108 1908
184 4798
7 888
72 1158
138 4798
7 868
108 3358
115 3088
119 1838
285 3578
138 1848
303 3228
135 4348
269 3578
88 4348
86 4348
88 4998
86 4998
88 1358
86 1358
102 5409
5 3739
8 1019
380 5509
147 4029
288 3379
266 3699
52 3799
83 5229
392 5059
359 3929
219 3019
109 2739
201 3689
201 4919
242 3169
251 4509
129 5129
47 5399
152 5399
47 5699
539 5699
148 2929
152 5699
368 4919
300 3779
23 1859
211 5349
47 1529
124 4639
67 5069
401 4459
55 959
105 2469
480 5099
458 5449
508 5359
167 5359
134 3529
447 4699
254 2629
31 439
167 5089
359 5059
60 5269
60 629
72 3089
62 5269
7 4999
269 2859
500 5369
366 5009
366 5369
190 3359
86 889
