35 710
166 1780
175 2490
176 2490
177 2490
218 2580
38 1000
46 530
117 1420
225 2260
226 2300
298 3060
306 3180
47 1970
88 1070
150 1600
161 1730
185 2360
288 3040
298 3140
304 3080
14 230
14 3280
28 1430
77 1090
81 1210
83 1330
89 980
122 1330
154 2120
196 2400
212 2400
212 2460
7 130
238 2570
17 1150
68 2890
80 910
96 3090
211 2300
278 2880
163 2340
286 3300
60 1360
53 1421
100 1091
119 1841
153 1891
177 1781
193 2071
210 2481
4 451
6 1251
226 2271
229 2591
268 2771
272 2771
299 3061
300 3361
61 851
70 781
70 911
71 1211
85 1451
13 1131
144 2151
160 1611
160 1991
161 1951
183 2241
195 2321
215 2161
224 2521
232 2511
7 711
25 1131
304 3091
304 3241
40 1331
55 904
56 571
57 591
57 881
72 771
98 991
98 3281
99 3141
104 1331
112 1204
133 3011
147 1861
151 1861
151 1911
151 2051
164 2121
169 1811
169 1961
172 1824
3 451
179 2301
179 2311
179 2531
181 2101
181 2551
186 1891
191 2021
191 2031
201 2551
206 3151
210 2551
14 1091
213 3031
216 2174
23 981
15 1221
233 2474
238 2504
30 1091
45 1251
48 621
48 771
91 1364
154 1591
154 1701
154 2221
154 2421
28 374
164 1934
37 831
172 2441
175 2101
178 2401
243 2441
288 3161
292 3161
296 3021
308 3161
312 3161
56 894
63 861
26 804
83 941
17 831
148 2051
149 2031
5 644
27 801
167 1681
171 2051
1 1101
178 2011
40 1044
193 2034
24 1031
230 2311
44 801
252 2751
309 3101
309 3251
26 1124
82 1171
82 1281
27 441
8 1234
146 2221
146 2421
58 821
158 2391
158 2591
61 784
188 2114
211 2251
211 2421
222 2341
222 2351
225 2281
228 2421
260 2674
260 2764
291 3211
292 2991
30 821
69 1271
69 1384
69 1404
58 1141
163 2574
163 2594
40 934
228 2344
262 2704
286 3111
291 3131
293 3341
293 3351
30 581
39 751
261 2744
313 3191
19 1054
39 1381
245 2534
278 2794
325 3271
34 1141
101 1392
127 1372
165 2002
38 452
173 2052
176 1972
28 1352
9 662
202 2042
236 3152
51 1072
84 1022
290 2982
122 1272
157 1822
59 972
163 2332
167 1962
167 2122
50 1212
3 1252
12 152
14 722
42 1202
213 2142
214 2172
237 2382
55 892
303 3322
7 1272
309 3242
314 3172
147 2092
152 1762
48 822
28 1062
68 872
164 1682
60 652
37 1062
99 2952
92 1152
180 2092
68 1452
40 1152
41 912
42 3262
74 922
24 522
29 652
244 2562
32 972
52 1112
12 832
293 3332
146 1692
321 3332
56 902
49 1032
9 462
49 1102
5 1232
168 1932
5 82
175 2252
175 2312
89 902
178 1922
26 632
80 3262
185 1922
103 1102
23 332
202 2032
23 882
63 1122
265 2922
117 1302
1 762
156 1712
148 1562
156 1802
112 1412
157 1722
157 2432
158 1872
158 2532
214 2162
222 2422
9 162
225 2312
260 2702
260 2792
27 502
261 3072
274 2772
276 2772
278 3072
288 2922
10 492
78 862
299 3172
299 3292
27 672
78 872
305 3082
307 3302
64 1292
317 3292
13 1142
39 942
193 2022
41 3012
13 762
29 302
69 1292
17 392
74 932
234 2352
44 3012
262 2642
262 2692
13 792
264 2672
266 2702
267 2692
267 2702
25 402
19 692
285 3112
285 3322
286 2892
286 3022
286 3202
289 3022
291 3292
34 582
295 3282
136 3012
30 602
302 3202
58 1322
328 3342
328 3352
33 562
147 1712
129 1402
221 3322
32 812
235 2412
56 882
16 262
105 1292
76 792
32 1322
274 2792
188 2282
188 2352
16 3262
295 3132
25 932
199 2352
44 1362
26 3262
148 1802
311 3322
32 342
313 3342
313 3352
146 1992
319 3292
237 2532
263 3272
287 3052
10 932
305 3102
93 1392
50 1402
159 2462
76 1142
261 2792
67 1402
149 2462
61 872
237 2452
237 2502
73 1282
50 1052
43 1282
150 2063
271 2733
123 1433
297 3253
183 2523
296 3193
144 2163
230 2513
201 2403
185 2193
265 2883
16 463
104 1163
18 473
11 763
31 623
172 2433
192 2193
8 643
293 3213
86 873
211 2283
1 113
117 1283
308 3123
31 773
47 1413
62 773
264 2663
266 2693
25 743
188 2343
257 2593
289 3203
291 3193
163 2473
239 2473
221 2853
305 3123
239 2573
22 243
274 2763
81 1323
278 3303
34 813
41 1363
152 1743
19 753
146 2413
148 1713
147 1803
221 3113
187 2373
261 3303
199 2413
152 2463
262 2663
187 2533
19 1383
41 443
287 3253
96 3273
61 1453
87 1453
261 2783
24 1113
10 1163
116 1393
263 3183
276 2793
239 2593
318 3223
322 3273
96 3183
227 2563
10 1393
266 2673
174 2463
50 673
227 2453
67 1053
310 3253
227 2503
105 1403
128 1303
245 2563
149 1703
170 1743
96 2633
250 2563
263 3223
171 1803
295 3343
295 3353
149 1593
245 2503
149 1743
159 1743
275 2843
275 2813
275 2823
275 2833
126 1303
43 1303
73 1303
280 2823
280 2843
280 2813
280 2833
189 2084
61 3314
223 2804
39 954
17 944
22 1114
18 1414
75 1384
79 1144
29 604
33 884
287 3104
159 1704
34 1324
36 434
36 734
36 1264
334 3354
96 3224
43 1264
73 1264
43 734
282 2844
283 2844
281 2834
281 2844
282 2834
281 2824
