19 82 -1
82 151 -1
19 151 -1
81 82 1
96 81 1
96 77 1
113 77 1
70 113 1
92 70 1
118 92 1
67 118 1
74 67 1
90 74 1
122 90 1
97 122 1
106 97 1
130 106 1
64 130 1
63 64 1
127 63 1
123 127 1
119 123 1
80 119 1
69 80 1
103 69 1
87 103 1
60 87 1
120 60 1
105 120 1
100 105 1
78 100 1
79 78 1
71 79 1
62 71 1
84 62 1
94 84 1
124 94 1
101 124 1
110 101 1
76 110 1
65 76 1
128 65 1
95 128 1
114 95 1
91 114 1
75 91 1
129 75 1
112 129 1
93 112 1
111 93 1
68 111 1
83 68 1
72 83 1
98 72 1
108 98 1
89 108 1
73 89 1
61 73 1
88 61 1
99 88 1
85 99 1
115 85 1
121 115 1
104 121 1
116 104 1
66 116 1
109 66 1
117 109 1
125 117 1
126 125 1
86 126 1
102 86 1
107 102 1
19 27 1
6 27 1
6 49 1
13 49 1
15 13 1
48 15 1
18 48 1
36 18 1
50 36 1
54 50 1
22 54 1
37 22 1
11 37 1
8 11 1
5 8 1
35 5 1
39 35 1
34 39 1
14 34 1
4 14 1
41 4 1
28 41 1
40 28 1
1 40 1
57 1 1
26 57 1
53 26 1
16 53 1
21 16 1
42 21 1
25 42 1
38 25 1
17 38 1
46 17 1
52 46 1
10 52 1
59 10 1
3 59 1
23 3 1
55 23 1
56 55 1
43 56 1
20 43 1
58 20 1
31 58 1
29 31 1
2 29 1
33 2 1
24 33 1
7 24 1
47 7 1
45 47 1
32 45 1
12 32 1
30 12 1
44 30 1
9 44 1
51 9 1
146 151 1
144 146 1
144 173 1
153 173 1
167 153 1
143 167 1
145 143 1
157 145 1
168 157 1
163 168 1
174 163 1
150 174 1
164 150 1
170 164 1
152 170 1
158 152 1
140 158 1
142 140 1
165 142 1
156 165 1
155 156 1
177 155 1
131 177 1
135 131 1
132 135 1
133 132 1
136 133 1
175 136 1
171 175 1
148 171 1
172 148 1
147 172 1
141 147 1
154 141 1
159 154 1
139 159 1
149 139 1
134 149 1
137 134 1
161 137 1
160 161 1
138 160 1
162 138 1
176 162 1
178 176 1
169 178 1
166 169 1
