1 33 1
1 182 1
5 184 2
6 155 3
6 157 3
6 161 3
7 184 1
7 202 2
9 11 1
9 33 2
9 45 2
11 180 3
11 202 2
13 21 1
13 33 1
13 45 1
13 47 1
17 39 3
21 47 2
21 55 3
33 45 2
37 49 2
37 102 2
37 244 0
37 303 1
41 63 1
41 73 3
41 83 2
41 224 2
45 180 1
47 55 2
48 141 1
49 102 3
61 75 3
61 77 3
61 91 2
63 73 1
63 75 1
63 77 1
67 200 2
68 76 2
71 75 2
71 77 2
71 91 3
73 83 2
73 224 2
75 77 3
78 80 0
83 218 2
83 224 3
88 149 1
89 261 1
92 119 0
97 112 2
97 266 0
97 282 2
98 112 2
98 114 2
98 281 3
98 282 2
100 152 2
100 259 1
102 303 1
103 169 2
103 249 3
105 113 1
107 109 1
112 281 2
112 282 3
114 136 0
114 281 2
116 132 1
117 140 3
118 319 0
124 212 2
124 278 3
128 313 3
130 142 3
130 304 2
130 321 3
130 335 1
131 245 0
132 287 2
133 135 2
134 267 1
136 283 2
136 297 2
136 309 3
142 304 2
142 321 3
142 335 1
144 153 3
145 270 1
145 295 1
145 296 0
146 285 2
148 232 2
152 259 1
152 319 0
153 155 2
153 157 2
153 161 2
154 316 2
154 325 2
154 337 2
155 157 3
155 161 3
156 246 0
156 260 1
156 343 2
156 345 1
157 161 3
158 250 1
162 246 1
162 333 1
164 186 3
164 216 3
164 256 3
164 340 3
169 231 1
169 249 2
180 202 2
182 184 1
186 216 3
186 256 3
186 340 3
210 214 2
212 278 2
216 256 3
216 340 3
218 224 2
220 262 3
220 263 3
220 279 3
226 263 0
226 264 2
226 265 2
226 280 2
228 252 2
228 325 3
228 326 2
228 337 3
232 334 2
232 335 1
232 342 2
234 257 1
238 257 2
238 274 2
238 276 1
238 277 2
240 260 2
240 276 0
242 244 3
244 350 1
246 351 2
248 274 2
248 296 2
252 317 1
252 326 2
254 338 0
255 339 2
256 340 3
257 274 2
257 277 2
260 345 2
261 278 1
261 324 2
262 263 3
262 279 3
263 279 3
264 265 3
264 266 2
264 280 3
265 266 2
265 280 3
266 280 2
271 304 3
274 277 3
281 282 2
283 297 3
283 298 2
283 309 2
288 333 1
288 345 2
297 298 2
297 309 2
299 301 2
300 301 1
300 302 2
300 310 2
301 311 1
302 310 2
302 315 3
304 321 2
310 315 2
311 312 1
315 325 1
316 326 3
316 337 2
317 327 3
317 338 2
320 332 2
320 333 1
322 349 2
323 330 3
326 337 2
327 338 2
330 348 1
330 349 2
331 332 2
334 335 1
334 336 3
334 342 3
336 342 3
348 349 1
