14 194  -1
97 67  -1
53 95  -1
194 99  -1
131 7  -1
169 202  -1
8 137  -1
181 30  -1
180 14  -1
154 136  -1
16 95  -1
183 163  -1
101 3  -1
52 206  -1
189 77  -1
202 90  -1
44 75  -1
208 184  -1
199 51  -1
117 41  -1
167 104  -1
171 34  -1
160 20  -1
140 68  -1
205 9  -1
152 43  -1
160 62  -1
100 160  -1
21 208  -1
31 188  -1
94 13  -1
132 190  -1
3 154  -1
115 4  -1
173 19  -1
209 182  -1
186 153  -1
210 21  -1
61 108  -1
204 83  -1
127 11  -1
144 211  -1
23 73  -1
96 15  -1
189 109  -1
115 51  -1
14 124  -1
61 173  -1
85 11  -1
210 183  -1
74 148  -1
166 3  -1
77 29  -1
68 178  -1
173 115  -1
60 194  -1
44 170  -1
92 184  -1
185 58  -1
14 155  -1
29 76  -1
182 40  -1
124 186  -1
85 150  -1
115 28  -1
43 175  -1
117 68  -1
111 197  -1
101 51  -1
175 17  -1
113 53  -1
71 50  -1
197 152  -1
61 88  -1
59 182  -1
175 179  -1
37 203  -1
8 168  -1
97 43  -1
154 4  -1
153 180  -1
203 91  -1
94 16  -1
85 34  -1
30 138  -1
78 42  -1
173 138  -1
143 62  -1
175 135  -1
15 86  -1
200 39  -1
162 129  -1
195 30  -1
95 15  -1
46 95  -1
143 157  -1
55 210  -1
190 126  -1
33 117  -1
101 3  -1
76 153  -1
201 95  -1
89 210  -1
147 138  -1
44 145  -1
76 16  -1
96 14  -1
177 52  -1
26 105  -1
52 210  -1
11 196  -1
210 78  -1
125 39  -1
18 131  -1
113 17  -1
38 92  -1
38 91  -1
136 162  -1
131 59  -1
34 99  -1
187 8  -1
79 186  -1
41 84  -1
152 128  -1
50 86  -1
198 90  -1
176 191  -1
177 47  -1
64 135  -1
197 7  -1
205 165  -1
164 100  -1
140 169  -1
155 65  -1
13 159  -1
59 47  1
122 133  1
46 20  1
80 114  1
13 14  1
44 59  1
8 53  1
45 22  1
0 15  1
45 59  1
126 104  1
89 135  1
30 35  1
104 128  1
105 90  1
143 122  1
12 59  1
95 113  1
37 24  1
83 72  1
5 14  1
15 12  1
23 52  1
162 159  1
60 29  1
57 29  1
109 82  1
90 86  1
119 91  1
165 169  1
67 61  1
77 132  1
134 136  1
123 141  1
169 166  1
52 19  1
12 13  1
64 9  1
55 68  1
67 48  1
98 81  1
51 18  1
192 200  1
123 90  1
97 130  1
99 132  1
136 90  1
34 1  1
141 127  1
87 122  1
63 1  1
209 204  1
4 66  1
136 73  1
125 129  1
111 121  1
95 123  1
74 81  1
120 99  1
74 90  1
58 37  1
105 130  1
94 84  1
111 90  1
88 129  1
