32 396
333 527
326 361
51 313
254 432
41 251
98 212
317 470
120 172
96 98
3 222
219 222
304 442
434 442
100 283
3 166
235 527
380 527
219 333
19 326
138 516
219 440
368 424
71 80
80 413
301 400
400 407
403 426
202 373
106 416
89 390
214 336
214 358
44 162
103 341
45 151
45 498
127 348
18 82
20 73
119 470
27 98
291 344
190 378
66 336
26 144
87 97
87 530
150 264
196 470
3 194
289 303
27 100
66 275
81 275
91 229
3 64
131 275
61 132
61 385
78 132
78 385
74 355
74 375
149 378
149 463
283 413
101 388
6 429
4 326
237 342
342 349
65 423
80 239
80 411
191 349
191 433
332 482
58 70
133 330
219 313
17 273
273 472
172 264
47 242
242 508
271 426
468 532
5 79
81 253
131 253
134 390
113 432
162 432
219 259
379 432
82 286
91 535
401 535
95 134
134 154
44 170
44 263
44 276
377 508
72 453
111 195
72 129
266 472
290 503
66 249
376 393
43 385
147 360
147 528
37 50
50 319
124 181
166 222
236 442
289 523
100 487
41 322
61 146
78 409
166 470
328 497
248 527
527 532
71 283
283 383
20 174
236 523
326 347
64 440
19 514
210 349
252 368
264 514
19 161
282 368
332 440
342 503
65 236
65 519
80 227
80 380
193 236
273 332
107 221
212 313
214 330
330 397
375 433
40 486
273 445
1 468
82 240
175 236
175 423
183 281
183 474
204 240
240 445
1 79
40 127
127 128
282 424
259 468
445 482
48 416
66 253
225 281
253 428
119 254
125 214
214 449
29 390
53 432
287 432
45 200
64 259
127 511
82 198
141 358
358 483
41 136
41 359
59 499
115 499
20 495
14 361
134 221
136 204
20 343
198 204
204 359
14 270
119 282
44 280
44 379
110 491
116 258
280 379
26 110
294 464
398 519
53 291
248 411
287 291
291 337
228 258
311 371
136 496
43 409
472 496
48 269
60 98
60 383
60 412
352 413
63 267
70 269
267 504
132 480
155 345
297 345
329 345
344 373
408 475
385 480
122 235
7 235
218 235
235 506
89 124
89 452
29 493
43 352
75 163
124 477
452 477
459 477
477 493
147 344
216 465
35 331
331 418
37 465
319 465
67 113
68 74
105 492
424 524
229 528
322 359
497 516
146 356
313 517
333 517
356 460
313 333
55 281
101 128
101 426
191 429
307 429
326 358
386 523
19 99
191 210
210 433
290 342
304 434
1 440
368 454
65 193
332 445
107 417
156 202
44 156
349 433
4 347
273 414
388 486
99 264
127 388
183 424
242 264
99 242
119 424
128 426
172 242
64 468
198 445
202 363
17 202
44 202
64 79
79 259
119 281
14 397
249 253
253 526
254 281
311 416
14 214
214 361
221 485
254 296
254 420
254 448
485 513
129 432
258 325
337 432
45 350
153 255
45 165
45 231
45 179
4 358
302 535
528 535
20 422
113 528
134 417
134 510
20 271
14 133
119 474
123 255
255 512
170 379
17 44
110 123
110 512
294 367
216 294
37 294
294 319
294 369
294 430
5 259
21 479
21 34
21 438
21 106
248 532
21 109
212 259
259 304
48 371
307 311
48 307
409 480
481 503
269 311
106 345
109 345
34 345
152 398
345 438
345 479
29 459
29 452
29 124
29 181
352 383
352 412
75 418
181 477
213 262
57 262
262 265
262 338
35 75
115 481
59 481
