78 801
91 2681
222 2371
194 2182
23 27013
132 1442
222 2672
194 2683
88 1493
127 1493
126 1943
92 1193
92 1413
3 253
84 1343
87 23813
250 2673
158 2673
132 1593
186 3383
256 3383
242 3513
43 2223
48 1814
82 2294
90 2674
269 2874
3 1454
48 1414
15 614
186 2554
246 3504
61 634
134 2674
283 3014
319 34313
283 3004
156 31913
145 2955
91 1705
347 3515
87 27613
216 2555
242 2945
255 3405
61 755
61 775
39 31913
288 3205
112 2675
21 3313
33 4713
116 1445
116 1535
116 1795
116 2395
283 2995
297 2995
322 3335
234 24813
276 29613
156 24013
242 2465
244 2465
254 3275
257 31913
252 2545
254 3175
73 2625
248 25713
218 2795
68 766
4 86
116 3076
3 2926
84 2226
39 596
158 2556
23 25913
242 35013
85 27513
102 31313
17 2886
145 3446
39 26013
39 34513
267 2836
267 2976
114 29813
116 1596
116 26113
43 23013
89 27513
11 1313
13 18013
275 34413
246 33313
333 34513
332 34513
332 35113
89 29613
238 24013
240 34513
45 18213
128 24413
244 30413
152 26013
212 29613
246 34513
100 34513
41 2206
238 24813
218 2626
41 2796
112 22613
264 28113
280 28113
67 2007
2 167
107 1097
303 3057
48 927
49 2937
25 2937
84 2377
331 3327
85 24013
85 2927
5 20213
17 3337
118 15213
118 25913
9 3113
116 12413
63 7113
63 917
75 917
77 917
91 2307
114 2677
136 2677
267 2817
267 3097
136 29813
298 3007
298 3017
298 30913
55 10213
13 5513
116 21213
116 27813
83 23013
254 3387
333 35113
248 27013
98 29713
234 31913
274 27613
276 27713
156 33213
162 33213
89 21213
89 27813
152 24013
240 25713
240 26013
242 30313
261 34413
33 18213
220 22213
222 26213
43 7313
98 28313
9 18213
43 2637
43 2797
100 26013
260 31913
130 30313
303 32113
238 29613
246 28813
259 27413
259 27713
100 23813
152 27413
152 27713
319 34513
83 2207
220 2247
262 26513
114 13413
134 22613
304 32213
304 34913
83 2637
224 2637
263 26613
97 13613
41 2627
262 26413
262 28013
83 2797
98 26613
224 2797
266 27913
226 28213
266 28113
112 26413
112 28013
53 1888
117 1408
133 1358
210 2148
31 1068
88 1278
119 1418
204 3478
61 1708
156 2908
246 2908
120 24213
49 12013
255 3398
23 31913
244 35013
303 35013
85 25713
270 2928
292 2968
61 718
5 713
1 513
303 31313
29 7113
17 3328
17 398
100 11813
145 2708
145 2968
39 11813
31 4513
124 13213
124 34413
39 28813
71 918
71 7313
71 7713
91 1268
132 21213
320 3328
320 3338
320 34813
298 2998
1 913
1 18013
1 4513
1 18413
37 4913
41 23013
75 23013
234 27513
248 27513
156 33313
162 33313
238 27013
270 34413
301 31213
100 27613
281 29713
89 26113
89 27413
89 27713
240 25913
102 24213
102 24413
244 30313
45 20213
162 26013
162 34513
33 20213
102 12813
134 22213
222 26313
222 26613
222 27913
43 2628
180 18213
43 6313
281 28313
11 18213
128 14213
128 27113
260 35113
345 35113
95 29613
95 27813
303 30413
156 24613
238 25913
7 913
259 31913
274 29613
277 29613
152 23813
100 25713
254 33913
126 22413
212 24813
220 26413
220 26513
220 28013
83 12613
248 26113
321 33413
263 26513
265 27913
265 28213
134 26413
134 28013
98 13413
304 33013
304 33513
263 26413
263 28013
282 30913
248 27413
248 27713
77 22413
77 8313
284 30013
300 31513
136 28213
83 2628
224 2628
226 26213
75 22413
41 7513
75 8313
264 27913
279 28013
112 26613
97 22613
130 15013
130 23213
130 33413
97 11413
264 28213
280 28213
252 31513
142 34813
131 2459
141 1959
174 1989
208 3199
29 1909
273 3469
29 799
87 2409
117 1459
204 3489
17 599
23 1189
85 2769
145 2929
89 2919
212 3249
261 2919
261 3249
278 2919
324 3449
158 2849
158 3159
61 919
102 1089
49 1089
71 759
39 3329
132 2619
116 1329
25 499
320 3229
7 1109
138 2789
155 2379
157 2379
161 2379
49 559
1 2029
13 219
13 479
1 1829
37 1289
37 2429
126 2309
77 2309
218 2309
228 3389
326 3389
9 139
13 339
270 2759
270 2749
270 2779
270 2969
49 2449
100 2349
180 1849
49 1029
114 2979
234 2389
234 2749
234 2779
238 2769
240 2769
257 2769
11 1849
100 2409
11 459
45 1809
212 3449
296 3449
260 3439
288 3439
343 3459
33 1809
11 339
222 2269
222 2649
222 2809
102 3039
182 2029
114 2839
156 3519
128 1309
128 3219
288 3519
260 2889
327 3379
248 2969
9 2029
257 2599
152 2579
152 3199
160 3399
186 3399
256 3399
164 2549
166 2549
186 2549
216 2549
254 2569
254 3409
220 2269
73 1269
41 1269
304 3219
97 2659
134 2819
134 2829
134 2669
130 3049
288 3459
226 2639
112 3099
73 2249
73 839
41 739
41 779
154 3009
300 3169
300 3259
112 1369
75 2189
226 2799
63 2249
154 3179
266 2829
312 3179
316 3179
317 3259
63 839
97 2819
114 2829
130 3309
97 2809
271 3229
97 2649
322 3349
252 2849
252 3129
148 3489
228 3159
315 3269
335 3489
228 3029
228 3109
302 3269
310 3269
15 17610
26 11010
105 11310
132 28710
15 5910
278 28710
102 12010
23 34510
250 28410
250 31510
304 35010
25 10410
47 10410
21 10410
5 18410
169 23910
128 31310
29 7310
17 32010
118 31910
108 24210
31 4710
13 3110
21 3110
69 31210
69 33810
95 12410
132 27810
21 2510
25 4710
25 5510
110 20210
27 11010
283 29810
297 29810
138 26110
146 23710
153 23710
237 28510
1 3310
27 18410
37 24410
299 30210
299 31010
299 31110
63 23010
252 33810
13 4510
257 27510
97 30810
136 30810
288 33310
308 30910
184 20210
259 27610
49 24210
297 30910
136 29710
288 33210
89 24810
242 24410
162 34310
162 28810
248 34410
95 34410
162 24610
156 16210
246 34310
156 34310
43 8310
41 4310
43 22410
43 21810
7 18210
283 30910
136 28310
128 30410
246 35110
128 30310
95 21210
95 26110
95 24810
156 26010
228 32710
326 32710
212 27810
9 18010
100 25910
261 27810
9 1110
100 15210
100 31910
216 33910
164 33910
328 33910
329 33910
339 34010
254 32810
75 12610
126 21810
148 32110
271 32110
321 33510
142 32110
156 28810
156 34510
112 13410
97 13410
271 30410
142 30410
238 25710
336 34810
98 30910
281 30910
73 21810
257 27410
257 27710
73 7710
77 21810
136 28110
98 13610
271 32310
323 34810
97 9810
41 6310
97 26610
317 33710
311 31210
311 31510
311 33710
112 11410
130 27110
130 33510
232 32210
142 32210
130 14210
130 14810
150 32210
322 34210
322 34810
281 28210
154 25210
232 27110
252 31610
252 32510
148 27110
271 33510
271 34910
150 27110
228 31210
302 31210
310 31210
312 32610
228 28410
284 30210
284 31010
284 32610
284 33710
302 31510
310 31510
315 33710
330 34810
142 33410
142 15010
142 34910
142 23210
142 34210
302 33710
310 33710
169 23111
294 34311
53 32711
95 32411
138 29111
5 18211
130 31311
313 32111
29 7511
37 10811
108 24411
69 31711
69 32711
124 21211
124 27811
10 17911
10 13911
11 11011
110 18011
138 24811
95 13811
89 13811
21 5511
47 5511
37 30311
37 10211
317 33811
327 33811
274 27511
275 27711
282 30811
114 30811
112 30811
332 33311
301 30211
301 31011
301 31111
182 18411
152 23411
7 18411
234 25711
33 4511
162 35111
343 35111
9 3311
252 32711
152 25911
7 18011
7 1111
63 12611
77 12611
212 26111
238 27411
238 27711
323 33611
336 34911
73 7511
63 7311
300 30211
300 31011
300 31111
322 32311
323 33411
160 32811
83 21811
63 21811
218 22411
98 11411
63 7511
98 28211
98 11211
228 31711
226 26611
317 32611
154 31111
311 31611
311 32511
114 28111
97 11211
322 33011
322 34911
112 28111
142 27111
271 33011
252 33711
148 23211
154 31211
148 33411
148 15011
148 34211
148 34911
312 31611
312 32511
312 33711
148 33011
284 31611
284 32511
154 28411
159 16111
139 15911
157 15911
155 15911
154 31511
150 34811
232 34811
315 31611
315 32511
334 34811
342 34811
348 34911
142 33511
142 33011
335 34211
6 16111
6 15511
6 15711
155 23911
139 28511
139 23911
157 23911
161 23911
139 14611
154 22811
144 15511
228 32511
144 16111
228 31611
154 32611
316 32611
325 32611
139 14411
144 15711
139 15311
232 33511
154 31011
154 30211
150 33511
302 31611
302 32511
310 31611
310 32511
330 33411
330 33511
334 33511
334 34911
335 34911
144 19212
320 33112
103 16912
6 14712
169 24912
246 29412
53 6912
158 25012
55 10412
10 16112
10 15712
10 15512
27 18012
11 2712
7 2712
299 30012
299 30112
9 4512
260 34512
317 32712
7 20212
220 27912
220 26312
220 26212
168 25612
164 16812
168 32912
168 21612
166 16812
168 18612
168 34012
226 26512
265 26612
148 33612
150 33612
334 33612
232 33612
335 33612
336 34212
114 30912
262 26312
63 7712
75 7712
11 20212
150 32312
323 33012
323 34212
323 34912
114 13612
232 32312
262 27912
186 32812
216 32812
256 32812
166 32812
164 32812
328 32912
328 34012
41 21812
160 16412
160 25612
160 16612
160 18612
160 32912
160 21612
41 22412
160 34012
98 28112
41 8312
180 20212
166 34012
166 21612
264 26612
266 28012
226 28012
252 31712
226 26412
166 32912
164 16612
256 32912
186 32912
97 28212
112 28212
252 32612
228 25212
164 18612
164 25612
256 34012
216 25612
284 31512
186 34012
186 21612
159 23912
6 15912
159 17912
159 28512
153 15912
146 15912
144 15912
330 34212
334 34212
342 34912
6 14412
6 14612
6 13912
6 17912
6 23912
6 28512
6 15312
146 23912
144 28512
155 28512
153 23912
161 28512
146 15712
146 16112
179 23912
179 28512
146 15512
239 28512
144 23912
157 28512
144 14612
146 17912
144 15312
326 33712
144 17912
228 33712
155 17912
153 15712
157 17912
153 15512
153 16112
139 17912
161 17912
153 17912
150 33412
232 33412
139 15512
139 15712
139 16112
154 33712
325 33712
316 33712
150 33012
330 34912
232 33012
150 34912
232 34912
103 24913
139 14713
21 4713
27 20213
98 30813
300 30113
283 29713
130 32113
160 16813
264 26513
265 28013
136 30913
263 27913
274 27713
11 18013
83 22413
166 25613
166 18613
310 31113
302 31113
329 34013
164 32913
216 32913
264 28013
164 21613
164 34013
148 33513
186 25613
216 34013
150 34213
232 34213
146 28513
153 28513
146 15313
228 32613
302 31013
157 16113
155 16113
155 15713
154 31613
316 32513
154 32513
150 23213
