326 744  -1
656 516  -1
2078 1368  -1
604 2069  -1
1181 146  -1
426 111  -1
1873 243  -1
1494 836  -1
315 1824  -1
925 1312  -1
1422 1759  -1
1134 1439  -1
298 1800  -1
1009 681  -1
965 1365  -1
1902 1712  -1
1546 1793  -1
520 990  -1
2019 1049  -1
1727 1845  -1
1367 1798  -1
175 1136  -1
1350 1784  -1
437 209  -1
484 1885  -1
583 1785  -1
1545 1785  -1
1422 1082  -1
435 2038  -1
337 108  -1
626 1417  -1
826 1145  -1
775 1309  -1
854 298  -1
914 2080  -1
1182 653  -1
380 1198  -1
1885 1546  -1
905 1277  -1
930 755  -1
504 58  -1
1949 241  -1
2049 1570  -1
198 1287  -1
1500 504  -1
458 720  -1
285 2033  -1
181 1792  -1
1645 1797  -1
1212 1588  -1
2021 980  -1
457 698  -1
1685 325  -1
1188 2081  -1
69 1683  -1
910 722  -1
1705 1842  -1
1719 250  -1
1914 861  -1
185 916  -1
1863 1607  -1
715 836  -1
1635 340  -1
592 965  -1
1918 201  -1
1480 1825  -1
1578 2098  -1
628 595  -1
1063 2073  -1
885 697  -1
578 488  -1
497 207  -1
431 906  -1
1217 1372  -1
282 95  -1
692 1390  -1
279 194  -1
1798 317  -1
697 1565  -1
1433 423  -1
1775 1952  -1
1826 158  -1
1549 1042  -1
1575 16  -1
1013 87  -1
2032 1223  -1
900 717  -1
1516 982  -1
1325 861  -1
841 1583  -1
342 886  -1
1005 1365  -1
476 165  -1
765 976  -1
538 2072  -1
327 925  -1
1422 552  -1
1239 1540  -1
90 150  -1
559 67  -1
1455 324  -1
890 448  -1
1392 1624  -1
1181 1628  -1
463 2095  -1
166 350  -1
1801 1665  -1
691 186  -1
1634 2026  -1
2073 588  -1
1925 1221  -1
764 650  -1
758 870  -1
626 1244  -1
2093 643  -1
1867 1773  -1
823 568  -1
1966 1557  -1
692 1509  -1
1503 1693  -1
313 1374  -1
1966 646  -1
1656 1721  -1
246 890  -1
1154 1520  -1
1363 358  -1
1128 678  -1
281 1829  -1
1298 30  -1
238 1834  -1
1868 1065  -1
139 249  -1
1555 18  -1
1274 929  -1
604 645  -1
955 2045  -1
1528 898  -1
1820 356  -1
1286 989  -1
1901 79  -1
412 617  -1
327 461  -1
1219 1499  -1
1093 1587  -1
391 993  -1
1276 1204  -1
453 603  -1
1743 1960  -1
280 1940  -1
1566 773  -1
1879 829  -1
766 1886  -1
1226 92  -1
771 1071  -1
1793 918  -1
394 611  -1
140 1876  -1
873 1928  -1
547 1868  -1
1585 1127  -1
437 1061  -1
138 106  -1
290 39  -1
852 1749  -1
1763 1133  -1
1059 885  -1
44 1150  -1
232 1130  -1
243 501  -1
1737 1025  -1
294 2081  -1
1234 705  -1
629 6  -1
1040 1330  -1
470 373  -1
2050 1394  -1
508 743  1
631 227  1
604 46  1
136 1717  1
1137 1783  1
62 830  1
240 1434  1
20 38  1
1929 1312  1
738 1973  1
2069 96  1
390 261  1
1989 1671  1
811 591  1
1277 1462  1
255 1049  1
1067 265  1
810 22  1
681 351  1
223 1006  1
1529 419  1
225 1393  1
1062 317  1
721 743  1
