1 5 4
1 18 3
1 28 3
1 29 3
1 40 4
2 10 3
2 13 4
2 35 3
2 38 3
2 46 1
3 4 2
3 7 1
3 46 2
3 48 2
4 30 2
4 31 1
4 48 2
5 18 3
5 41 3
6 19 2
6 45 1
7 43 4
7 48 3
8 27 2
8 40 2
8 50 2
9 14 3
9 39 4
10 13 3
10 31 2
10 35 4
10 38 4
11 37 2
11 49 3
12 25 4
12 30 1
13 35 3
13 38 3
13 46 1
14 39 3
15 16 3
15 34 4
16 34 3
17 34 1
18 28 4
18 41 4
20 22 4
20 47 3
20 49 4
21 32 2
22 47 3
22 49 4
24 27 3
24 44 4
27 44 3
28 29 3
28 40 4
28 49 0
29 40 3
30 31 2
30 48 1
31 35 2
31 38 2
32 37 2
33 34 0
35 38 4
36 50 1
39 43 2
40 50 3
43 48 3
47 49 3
51 72 2
51 103 1
51 129 2
51 140 2
51 144 1
52 54 3
52 88 3
53 58 2
53 67 2
53 77 1
53 93 0
54 78 3
54 79 2
54 88 4
55 82 3
55 83 3
55 91 3
56 60 3
56 76 2
56 77 2
56 78 2
57 68 2
57 80 0
57 92 2
58 87 2
59 62 4
59 95 4
59 100 3
60 67 2
60 77 2
60 78 2
60 88 2
62 95 4
62 100 3
63 80 0
63 90 3
63 97 3
63 98 3
65 75 3
65 80 2
65 93 3
66 81 2
67 76 4
67 77 3
67 88 2
68 86 2
69 84 3
69 94 4
70 89 2
70 121 1
71 82 2
71 83 2
71 84 1
71 91 2
71 94 1
72 87 1
72 129 2
72 140 2
73 84 2
73 99 1
74 121 2
74 125 2
74 135 2
74 148 2
75 93 3
76 77 3
76 99 0
78 79 2
79 112 1
80 93 2
80 99 2
81 82 2
81 83 2
82 83 4
82 91 4
84 94 3
84 101 0
85 103 2
85 135 1
85 144 2
90 96 2
90 97 4
90 98 4
90 101 3
91 96 0
92 96 3
93 99 1
95 100 3
96 98 2
96 101 2
97 98 4
97 101 3
98 101 3
102 138 2
103 115 3
103 123 3
103 144 4
104 127 2
104 132 1
105 113 4
105 118 3
105 130 3
105 134 4
105 139 3
106 126 2
106 130 1
106 134 1
106 142 1
106 145 2
107 109 1
107 120 4
107 124 4
107 137 3
109 127 3
109 131 3
109 132 3
112 117 2
112 149 2
113 118 3
113 130 4
113 148 0
113 149 1
114 122 2
114 126 2
114 141 3
114 142 1
114 147 1
115 116 3
115 123 3
115 144 3
116 123 4
117 138 1
117 147 1
117 149 2
117 150 3
118 130 4
118 139 4
118 149 1
119 133 3
120 124 4
122 126 3
122 142 3
122 145 3
122 146 3
123 144 3
124 137 3
125 128 2
125 129 1
125 135 3
125 148 2
126 145 3
127 131 3
127 132 3
128 129 2
128 140 2
128 148 2
129 140 4
130 134 3
131 132 3
132 137 2
138 146 1
138 150 2
141 143 2
141 147 2
142 145 3
142 146 4
143 147 3
145 146 3
147 149 1
