32 3960
333 5270
326 3610
51 3130
41 2510
254 4320
317 4700
98 2120
120 1720
96 981
3 2221
219 2221
304 4421
434 4421
100 2831
3 1661
235 5271
380 5271
219 3331
19 3261
138 5161
219 4401
368 4241
71 801
80 4131
301 4001
400 4071
89 3901
121 3528
127 3481
27 981
403 4261
202 3731
18 821
106 4161
214 3361
214 3581
44 1621
103 3411
119 4701
45 1511
45 4981
20 731
291 3441
66 3361
190 3781
87 971
87 5301
26 1441
150 2642
196 4702
3 1942
289 3032
27 1002
66 2752
81 2752
91 2292
3 642
131 2752
61 1322
61 3852
78 1322
78 3852
74 3552
74 3752
149 3782
149 4632
283 4132
101 3882
4 3262
6 4292
237 3422
342 3492
65 4232
80 2392
80 4112
191 3492
191 4332
332 4822
58 702
133 3302
219 3132
17 2732
273 4722
134 3902
172 2642
198 3488
348 4038
47 2422
219 2592
242 5082
271 4262
468 5322
5 792
81 2532
82 2862
131 2532
113 4322
162 4322
377 5082
379 4322
72 1292
72 4532
237 2588
91 2828
91 5352
401 5352
95 1342
134 1542
376 3932
23 3508
44 1702
44 2632
44 2762
66 2492
266 4722
111 1952
290 5032
118 2668
147 5282
43 3852
124 1812
206 2318
147 3602
37 502
50 3192
166 2223
236 4423
289 5233
100 4873
41 3223
61 1463
78 4093
166 4703
328 4973
248 5273
527 5323
71 2833
283 3833
20 1743
236 5233
326 3473
64 4403
19 1613
210 3493
19 5143
252 3683
264 5143
282 3683
332 4403
342 5033
65 2363
65 5193
80 2273
80 3803
193 2363
273 3323
107 2213
212 3133
214 3303
330 3973
375 4333
40 4863
8 4358
273 4453
378 4358
435 4718
29 3903
1 4683
82 2403
175 2363
175 4233
183 2813
183 4743
204 2403
240 4453
1 793
40 1273
27 608
117 1578
117 3958
125 2143
127 1283
282 4243
225 2813
259 4683
445 4823
48 4163
66 2533
82 1983
253 4283
482 5118
41 1363
41 3593
43 718
52 3078
71 4128
84 3528
119 2543
127 5113
134 2213
214 4493
271 4488
303 3178
339 5118
359 4148
386 4148
398 5193
44 3793
53 4323
13 3778
91 4708
144 3798
280 3793
287 4323
401 4708
447 4708
45 2003
64 2593
116 2583
136 1398
228 2583
119 2823
141 3583
180 4758
233 2828
282 4018
358 4833
408 4753
410 4758
14 3613
59 4993
20 3433
115 4993
136 2043
143 4088
152 3668
173 5008
14 2703
198 2043
204 3593
20 4953
393 4088
393 4418
23 1658
53 2913
23 1428
23 2928
248 4113
287 2913
291 3373
44 2803
66 4838
110 4913
4 668
472 4963
43 988
60 983
26 1103
290 3298
290 4818
70 2693
70 3118
136 4963
143 4418
294 4643
302 4018
311 3713
441 5098
89 1243
89 3068
89 4523
114 2518
280 3738
344 3733
120 2498
249 3728
48 2693
60 3833
60 4123
43 3523
328 3368
352 4133
413 4808
62 738
43 4093
278 4108
334 4818
95 4778
124 4773
203 2628
452 4773
459 4773
477 4933
227 3808
256 4368
257 4368
63 2673
132 4803
147 3443
209 2668
267 5043
385 4803
155 3453
29 4933
297 3453
329 3453
168 2928
216 4653
209 2988
62 2638
122 2353
218 2353
223 2638
235 5063
37 4653
7 2353
319 4653
56 1188
220 2848
75 1633
35 3313
308 4558
331 4183
67 1134
68 744
105 4924
424 5244
229 5284
322 3594
497 5164
146 3564
313 5174
333 5174
356 4604
113 1978
313 3334
314 3188
55 2814
101 1284
101 4264
191 4294
307 4294
326 3584
386 5234
389 5008
19 994
191 2104
210 4334
290 3424
304 4344
1 4404
368 4544
65 1934
332 4454
400 4318
107 4174
156 2024
44 1564
295 4128
295 4808
349 4334
4 3474
273 4144
388 4864
99 2644
121 2248
127 3884
183 4244
31 3908
242 2644
246 3748
76 3048
99 2424
117 4278
119 4244
125 2178
125 5268
128 4264
172 2424
27 2988
212 2198
64 4684
17 2024
198 4454
202 3634
225 4698
395 4278
44 2024
64 794
79 2594
102 1598
119 2814
14 3974
159 3938
159 5208
173 5138
246 3758
249 2534
253 5264
254 2814
258 3558
41 828
311 4164
463 4718
485 5134
71 3838
20 2714
113 5284
14 2144
214 3614
221 3068
221 4854
254 2964
254 4204
254 4484
291 5198
303 3928
384 5198
414 4728
94 4878
129 4324
170 3794
258 3254
10 3048
337 4324
119 4744
45 1794
72 2078
139 3868
139 4728
153 2554
228 5058
233 4748
45 3504
45 2314
72 3448
72 3608
45 1654
14 1334
87 2778
112 4758
133 4838
259 3044
277 4558
24 4758
302 5354
4 3584
528 5354
81 1418
17 444
29 1518
89 1518
95 1518
131 1418
17 2638
134 4174
134 5104
17 2768
233 3668
20 4224
77 4088
366 3848
23 4988
23 4768
123 2554
164 2488
239 2458
248 5324
255 5124
336 5268
224 5018
251 3178
286 5018
359 3868
98 3838
98 4808
110 1234
110 5124
111 1728
73 2968
209 2868
212 2594
286 4878
290 3718
294 3674
307 3114
336 3618
48 3074
46 2908
131 2708
37 2944
48 3714
152 3028
216 2944
48 708
294 3194
294 3694
294 4304
77 4418
323 5028
323 5338
81 2708
5 2594
428 4948
441 4908
21 344
21 4794
21 1064
152 3984
21 4384
26 3738
21 1094
89 958
30 4038
154 4178
160 4038
172 5088
178 4518
243 4038
244 4038
443 4518
120 3368
184 4478
269 3114
51 4058
336 3728
336 4948
337 3988
352 3834
352 4124
398 4698
73 2238
73 4208
73 5188
215 4318
252 4698
261 4318
300 4318
173 4778
217 3288
245 4118
18 4878
18 1188
411 5298
489 4968
4 818
115 4814
120 3288
143 1788
147 1708
186 2938
59 4814
4 1318
327 4818
328 4498
357 4818
409 4804
481 5034
109 2698
15 878
135 3508
181 4774
213 2624
87 3088
262 2654
262 3384
262 3468
276 4208
292 3508
54 3508
57 2624
29 4524
216 4528
223 3438
37 4528
319 4528
178 4908
207 5288
15 168
238 5288
245 5328
344 5128
383 4808
443 4908
512 5288
529 5328
109 3454
124 2168
124 3198
86 4488
142 2318
144 2388
144 3608
144 5128
154 1818
154 3698
154 4598
154 4648
154 4938
29 4594
179 2318
223 4488
37 1248
231 2928
77 1788
34 3454
272 4488
29 1814
106 3454
345 4384
345 4794
29 1244
120 4498
129 2878
165 1798
165 4988
263 4208
292 4508
53 1298
147 2808
28 1068
118 5218
135 1798
168 1798
168 2008
56 5218
308 3648
321 3648
54 1798
364 3918
186 2328
186 3208
92 1868
75 4184
189 2728
86 1898
35 754
209 5218
86 5188
272 5188
299 4898
381 4558
33 3058
149 4025
197 5355
251 3185
9 4735
175 4735
328 5165
99 5145
175 1935
58 5155
156 2805
98 2955
14 3305
435 4635
128 3885
110 4235
121 2985
119 1835
255 4235
1 645
348 4825
348 5115
84 1215
374 3755
390 4595
125 4495
20 4265
40 3395
36 405
5 2195
129 2255
116 4675
138 3955
140 4195
157 3955
79 4685
205 4025
225 4535
258 4195
138 1575
138 4275
157 4275
82 2045
198 4825
221 5135
246 3495
246 5035
270 3975
306 5135
307 4165
355 3655
371 4165
8 4715
52 3715
46 525
139 4145
73 2715
152 5195
60 845
251 3035
271 3435
113 5355
303 3145
349 3755
403 5115
71 4135
485 5105
6 1035
116 3255
160 2345
162 2385
162 3795
168 3775
184 4705
56 945
30 2345
206 3775
94 2095
10 2125
5 105
228 3255
234 2435
234 2445
292 3775
314 3925
139 3595
153 3735
72 2385
184 4745
70 5055
282 4745
312 3675
312 4175
312 5105
17 3635
212 3045
102 3935
278 4755
441 5205
151 1735
151 4775
306 5005
327 4995
95 5005
357 4995
408 4415
408 4905
152 2915
6 1065
211 4255
51 2395
235 2485
248 3245
23 4505
291 3845
104 4065
425 4555
428 5265
136 3865
136 4725
154 5105
70 1165
11 3175
66 1315
280 4915
302 3845
316 5015
386 4725
387 4915
18 5015
111 1615
5 2125
111 2505
111 4625
195 3615
31 3675
47 1115
98 4125
337 4535
361 4495
361 4945
367 4305
56 2865
120 4285
9 1235
207 4445
208 4605
9 4445
70 2285
126 4605
238 4445
249 4285
270 4835
302 4475
136 3595
372 4285
144 4445
178 5255
251 3925
89 1735
29 895
161 1725
172 2505
47 1725
249 3365
39 3645
339 4035
161 5085
43 4135
91 1845
184 4015
31 4935
245 4055
252 3985
31 4305
287 3985
123 1445
123 3605
380 4055
405 4115
405 5295
412 4135
53 3985
31 4645
462 5085
211 4615
91 4475
108 1245
108 4525
173 3065
118 3705
203 4315
217 3725
18 2095
262 4315
11 3925
298 4965
299 4965
118 2245
496 5215
170 3875
180 2935
208 4095
143 4435
95 3065
131 4835
293 3765
328 3725
328 4945
143 4365
402 5315
487 4895
200 3505
206 3505
81 4835
237 5035
241 2695
87 3215
269 2975
272 2765
87 3815
87 3915
87 4885
115 5035
145 2695
353 5035
28 2695
86 2765
59 5035
126 3855
227 2455
227 5295
245 3805
62 3435
380 5295
178 2565
178 2575
181 4305
207 3445
26 1475
238 3445
256 4435
257 4435
26 2805
266 2995
266 4895
344 5285
360 5285
412 4805
430 4935
186 2785
144 2075
132 2085
77 4435
120 1955
179 2925
200 3545
206 2925
165 2925
129 3375
272 4205
86 4205
165 1775
13 545
13 1355
280 3875
298 2995
298 4895
142 1775
106 2415
106 2975
263 2725
177 4985
86 2635
15 4615
455 4615
186 2205
200 2065
83 2005
15 3645
56 4895
118 2995
369 4595
186 5315
38 1865
207 5125
238 5125
145 4385
135 1685
135 2065
181 3695
142 4505
54 2065
54 1685
450 4985
372 4495
62 2725
62 865
230 4225
30 1145
114 1605
114 2435
285 4885
36 1145
85 4225
315 4225
114 2445
90 4225
422 4375
455 4885
42 4225
285 3215
285 3915
268 2795
11 3395
137 2795
137 5335
241 4385
268 5335
285 3085
109 2415
46 3575
329 3575
357 4795
192 2475
24 385
24 3205
182 3055
33 2475
55 2966
306 3896
259 4346
49 5006
262 4006
49 956
146 4606
107 1346
28 586
309 3526
198 2406
349 3746
10 766
27 846
117 1386
5 766
205 3206
228 4676
325 4676
38 2056
133 3976
159 5096
378 4716
208 2266
52 2906
126 2266
41 2046
417 4856
69 1696
251 3146
69 1686
94 4896
154 3126
147 1536
263 3636
48 5056
276 3636
8 4636
311 5056
153 3876
102 5096
133 2706
509 5206
141 4836
4 1416
287 4546
302 3666
53 4546
366 4476
378 4636
393 5096
422 4956
25 1046
239 3356
39 1046
6 1456
142 4586
6 2416
340 4586
164 4926
458 4766
458 4986
170 4916
66 816
92 1126
26 4916
114 3176
417 5106
296 4206
296 4486
307 3716
453 4696
279 3236
9 2076
305 3236
9 1446
461 5226
147 3736
373 3876
16 396
148 3436
39 4066
25 396
60 3526
47 5086
208 3996
250 5086
16 4066
126 3996
31 3696
184 2336
364 4066
383 4136
385 3996
399 4096
132 3996
405 5326
48 3116
227 3356
215 3466
91 2336
245 3356
13 1696
252 2876
261 3466
203 2156
203 3006
297 5156
300 3466
211 2856
53 2526
335 5296
83 1696
73 4486
169 3546
438 5156
91 4016
224 2996
224 3706
247 5366
195 2176
279 5366
118 3166
346 4316
95 1736
370 5216
18 566
394 5366
217 4946
114 3926
232 2936
4 4836
26 1706
170 2806
38 4026
293 4046
320 4026
92 4026
376 4106
385 4096
56 4876
132 4096
143 4906
233 4016
179 3506
180 2206
29 4776
331 3516
401 4476
180 3766
171 3516
177 3406
189 3436
126 1326
77 4366
343 5186
178 4366
380 5326
51 2276
436 4436
436 4906
233 4476
171 2676
2 1826
75 2676
260 3276
266 2986
161 2506
266 5216
267 2746
267 3316
267 3826
26 3876
344 3606
369 4306
43 4806
430 4646
155 3276
16 3646
130 4786
38 2786
237 3536
43 4126
177 2316
187 4786
176 4786
278 2846
278 5316
43 3836
24 2786
195 4496
353 3656
195 3726
50 4786
140 3536
231 4506
420 4486
457 4786
237 3656
165 4506
54 3546
129 4696
140 2376
120 4946
135 3546
287 3376
59 2376
220 3766
298 5216
337 4696
13 1686
115 2376
13 836
53 3376
208 3856
177 4766
106 1096
97 3626
308 4616
381 4616
106 4386
188 3626
12 3206
179 2066
459 4646
287 4696
186 2846
53 4696
75 3826
15 3816
189 2236
75 2746
15 3216
15 3916
360 5126
28 1456
145 2976
238 3606
168 2066
207 3606
181 4646
54 836
450 4766
209 4896
83 1356
449 4946
86 2236
223 2726
223 5186
489 5216
279 3946
285 4556
299 5216
321 4886
369 4936
182 3946
381 4886
391 4886
34 466
34 2606
421 4656
34 3346
243 3396
160 3396
30 3396
244 3396
247 2796
28 1096
85 2016
42 2016
260 3576
28 4386
260 4796
46 2606
201 2306
90 2016
201 3156
201 4376
182 5336
260 3296
11 366
46 1556
329 3346
46 3346
46 4796
155 3576
11 1606
285 3816
63 4186
35 2656
11 306
35 5046
11 2446
57 4186
35 576
35 2136
35 636
241 2976
265 4186
11 2436
418 5046
213 4186
24 5316
284 3206
24 926
28 2416
334 4796
92 2846
137 1926
192 2686
38 2846
24 2846
38 926
137 3056
268 3056
33 2686
33 1376
182 2476
174 4227
60 3097
199 4957
347 3587
199 2017
127 4867
446 4667
466 5347
355 4197
226 4607
103 2417
103 1457
162 4447
288 3547
8 3787
83 2887
169 2887
102 5207
88 2747
88 3827
277 4257
277 4887
252 4547
201 4957
481 4997
249 5267
110 2557
324 4927
164 2357
16 1047
235 4927
164 3247
227 2397
425 4887
317 3927
116 2287
118 5017
152 3847
12 1127
18 2867
367 3697
211 5227
323 5367
285 5227
455 5227
451 5257
62 1487
257 4517
256 4517
25 4067
123 5127
161 4627
51 3357
28 5157
109 5157
37 1087
215 2617
108 2167
203 2617
250 4627
261 3007
108 3197
47 4627
305 5367
266 4967
316 3707
299 3167
380 4117
217 4497
411 5327
224 3167
220 2937
77 1437
180 4107
25 3647
81 1317
232 4107
16 257
209 4877
404 4107
274 3517
340 4987
351 3827
203 3467
192 5027
180 2327
33 5027
142 3407
126 2087
376 4047
220 4047
2 1927
327 3347
51 5297
2 337
51 2457
47 2507
77 4907
165 2317
132 3857
59 3537
195 4947
421 4787
115 3537
59 1407
115 1407
115 3657
59 3657
47 1617
120 3727
140 3657
147 3877
232 3767
341 3627
362 4567
362 5307
285 4617
310 3627
177 4507
56 2097
135 2007
75 1717
12 2847
12 5317
171 2747
383 4127
12 247
181 4597
12 927
54 2007
178 4437
171 3827
459 4937
220 2327
188 3417
188 4567
188 3107
188 5307
15 3087
62 1897
341 5307
75 3317
310 5307
245 5297
97 3417
97 3107
97 4567
456 5307
97 5307
369 4647
142 4767
142 4987
181 4937
464 4937
476 4987
207 2387
62 2237
62 5187
11 1147
372 4947
137 3947
268 3947
305 3947
331 3827
274 3317
308 3217
130 4217
321 3817
34 1557
34 3297
381 3917
176 4217
421 4577
50 4217
308 3917
187 4217
279 3057
36 3397
63 3387
163 3387
338 5047
155 2607
50 4657
297 4387
192 5337
33 5337
109 2977
308 3817
109 4387
176 4657
260 3347
457 4657
130 4657
187 4657
46 3297
36 1607
30 367
36 2437
329 4797
334 3577
155 3297
36 2447
35 1637
28 2977
163 4187
284 5317
155 4797
182 1927
320 5317
92 3207
38 3207
38 5317
155 3347
247 3057
92 5317
230 4467
122 4157
230 5347
315 5347
85 4467
315 4467
218 4157
415 4847
415 5067
7 4157
42 4467
90 5347
437 4467
437 5347
158 4157
185 4157
446 5347
85 5347
42 5347
90 4467
190 4157
137 2477
33 1827
247 2687
182 2687
158 1907
190 5067
122 1907
137 1827
7 1907
190 2187
185 1907
190 4847
63 1637
265 5047
57 637
57 5047
63 2657
63 2137
213 5047
163 5047
163 2657
57 1637
163 2137
279 4398
13 698
88 3518
24 1128
129 4538
235 3248
257 5258
21 3458
256 5258
148 5188
148 1898
215 3008
211 4558
407 5078
93 4078
93 5078
167 4078
299 3708
167 3018
167 5078
93 1678
93 3018
301 5078
301 4078
263 2768
2 5028
340 4768
502 5338
124 4528
232 4048
256 2578
327 3578
2 5338
216 3198
37 2168
83 3548
37 3198
171 3318
97 1888
145 2418
189 5188
310 4568
310 3418
341 4568
86 2728
247 3948
59 1158
53 2878
321 3918
34 4798
274 3828
213 3388
265 3388
57 3388
54 1358
50 4578
35 4188
50 1308
176 4578
50 1878
50 1768
176 1878
130 1768
187 4578
130 1878
130 4578
33 1928
160 2438
30 2448
30 2438
243 2448
160 2448
30 1608
137 2688
63 5048
213 2658
57 2658
57 2138
185 2188
158 2188
185 5068
7 4848
7 1858
158 4848
122 1588
158 1858
122 1858
484 5068
218 4848
185 4848
7 1588
158 5068
122 4848
218 5068
122 5068
85 2308
42 908
90 2308
230 3158
85 4378
230 4378
90 4378
85 908
315 4378
90 3158
7 2188
42 4378
42 2308
7 1228
42 858
42 3158
122 2188
7 5068
85 3158
