232 2430
272 3250
100 2850
258 2850
198 2450
81 3120
32 480
269 2760
18 620
42 971
83 2161
282 3251
68 2321
29 1191
119 2511
9 231
148 3401
187 3451
59 2601
158 2281
158 3051
109 2101
173 3141
208 2621
107 2271
116 1951
159 3381
26 1301
27 2021
58 681
68 2191
256 2581
280 3301
320 3321
9 641
8 3091
65 721
94 3091
58 1291
58 2641
131 2751
238 2751
15 2071
51 1601
137 1731
149 2371
226 2401
25 1678
25 2501
25 2771
87 3011
238 2811
49 2231
101 2991
148 1691
46 2538
52 1031
290 3302
259 3252
232 3012
66 1002
76 2062
80 1002
173 1842
184 3062
206 2622
245 2722
272 3012
5 692
21 2482
157 1832
169 2282
202 2482
228 2612
228 2652
260 2692
45 3142
92 1292
94 2472
94 3142
155 2652
188 3322
265 2772
163 1662
308 3282
60 2582
124 1412
124 3182
143 2582
9 2022
150 2582
180 3302
197 2022
218 3052
108 2112
10 1922
116 3098
155 1568
25 3122
44 2222
58 2192
59 1662
59 2342
75 1922
1 2552
142 1662
165 1922
1 2272
312 3432
32 2692
32 2792
41 1472
53 2618
129 1622
60 2372
66 1982
74 1982
84 2752
86 2752
101 2752
122 2682
137 2752
168 1752
175 3342
198 2562
201 2752
269 3012
39 1122
51 2072
89 2072
93 952
112 1142
134 1792
134 1902
18 512
6 112
137 1492
143 1492
145 2922
149 1502
11 2422
40 2362
80 3062
84 2402
86 2402
127 1648
142 2632
164 2298
231 2888
237 2402
263 2912
194 2662
70 2252
4 2212
197 3038
4 3192
225 2392
294 3112
18 898
249 2538
274 2992
34 1102
133 3432
189 3432
279 2912
53 2502
75 2992
87 2882
276 2882
125 1718
211 2138
7 128
62 1262
118 2702
126 2932
70 1352
78 998
46 1402
28 468
27 2928
204 2093
232 2603
95 2723
100 3063
121 2543
166 1843
206 2513
38 923
23 1033
15 2453
181 3403
245 2493
51 693
21 3283
147 1583
16 1143
16 2083
228 2953
248 2593
10 2483
45 2473
9 923
92 3033
116 2733
132 2473
132 3143
159 1883
160 3143
162 3243
203 2203
220 3293
222 2623
247 2993
7 1953
4 1073
74 1078
125 3383
301 3283
310 3383
55 683
68 2883
82 2543
91 2583
26 653
141 3393
192 2023
202 2593
213 3053
230 2543
258 2813
1 3053
304 3303
318 3393
9 103
183 2783
278 3263
47 643
54 2963
54 3043
62 3093
64 2423
64 3023
72 2693
72 2913
128 1568
225 3098
10 2493
58 753
124 2223
127 2343
132 2593
152 2343
166 3063
169 3128
192 2743
11 583
75 1623
227 3273
32 1443
29 3213
41 1693
41 1833
60 913
60 1013
60 1423
90 3393
43 1748
43 2008
174 3393
194 2008
237 2753
263 2693
275 2843
321 3373
77 3168
112 3333
113 1298
129 2928
129 3038
191 2073
207 2833
14 513
2 933
117 2873
132 1733
138 1493
145 2713
145 3033
147 3263
149 2703
149 2993
40 593
264 2873
88 1033
91 3063
137 2403
4 1643
40 1318
231 2368
231 2813
236 2913
240 2703
263 2813
263 3013
78 803
80 1523
80 3333
84 1428
86 1428
94 1323
110 3203
113 2828
132 2993
148 1813
155 1773
159 3203
33 803
172 3113
177 1853
177 2983
4 803
194 1963
229 2893
257 2648
39 803
46 2263
70 2263
75 2268
89 1143
104 1143
125 2513
12 2253
39 2513
148 3113
4 333
4 2273
56 2233
257 3038
31 1993
311 3433
66 1993
25 3073
14 1993
185 2508
43 2143
33 1993
227 2293
25 2523
91 2813
101 2813
137 2938
18 1048
99 2918
34 1933
24 2378
148 3438
167 3438
34 3103
71 1703
71 1763
71 2803
91 2563
17 948
120 1658
48 713
3 713
73 2238
91 2123
91 2383
125 3338
152 3333
152 3413
12 2393
171 2668
221 2668
28 2238
266 3108
12 1203
65 913
103 2833
35 2838
57 663
7 178
84 963
86 963
136 1978
35 2538
55 843
55 863
40 2128
224 2538
49 893
49 2463
101 1383
39 1523
70 1403
17 288
28 528
268 3108
33 783
78 2388
65 2123
89 1913
113 1178
113 2578
27 1368
118 1353
118 2248
14 573
14 2463
191 2463
140 2398
11 794
201 2854
121 3404
198 2044
10 234
81 1614
137 1534
153 2404
19 1614
134 3174
16 694
168 1874
187 3124
97 2544
122 2164
36 2338
157 1674
157 2784
166 2604
109 1954
126 2734
145 3244
5 2734
302 3244
163 2798
8 1954
263 3284
68 964
76 3324
26 788
193 3054
9 1924
108 1714
108 2134
108 2684
76 2344
76 1274
181 2784
233 3008
72 1444
54 3134
72 994
156 1858
2 374
67 2258
130 2224
18 2224
1 1934
234 3194
61 2768
144 2914
41 2954
61 2448
167 2618
13 1474
181 2614
183 3264
29 1058
29 1224
255 3274
11 1624
289 3274
50 618
43 1224
122 3214
90 1968
191 1984
53 1758
49 1984
268 3214
321 3294
112 1944
112 2084
112 2664
93 2554
93 2894
181 1864
186 3458
49 514
51 1914
207 2234
49 2074
104 3394
116 2258
118 1784
59 994
138 1738
145 2874
145 3024
149 1734
59 2384
59 3064
267 3394
287 2924
88 2238
104 2084
124 2848
88 2838
138 2404
152 1644
55 2368
231 2634
78 3064
236 2798
2 1474
101 2314
99 1318
57 2084
71 1774
128 1728
136 2648
142 2814
169 1814
172 2508
177 2354
30 2828
197 2828
251 3208
45 1324
118 2264
14 1144
31 1964
151 3114
4 1524
15 528
66 1144
221 2514
226 2748
56 2534
250 3114
57 1144
15 178
53 3114
292 3038
128 2358
155 1858
8 458
45 2158
25 1334
199 2564
211 2148
74 1994
25 1894
65 1994
137 2848
143 2534
150 2534
103 1438
103 1508
65 748
18 578
280 2968
151 1678
40 2918
34 2214
24 2848
168 2058
171 1938
24 628
34 1254
44 578
55 2798
279 2888
24 1608
128 2508
135 1658
140 1658
155 2508
87 3228
71 2304
75 2708
94 2158
75 1658
71 2984
288 2978
130 2018
130 2848
7 2158
39 2668
170 3418
171 2688
176 3418
12 468
78 914
103 2234
196 2468
197 2198
211 2688
17 738
89 1968
12 1188
57 1968
266 3338
12 2248
270 2994
7 468
7 288
66 1918
3 1808
8 178
7 2248
86 1384
138 2704
148 1518
40 2388
197 2578
201 2378
103 2534
6 1208
14 498
237 2938
6 2428
120 2718
84 1384
152 2214
152 3194
17 358
230 2808
70 2248
35 528
52 2248
39 1258
65 784
99 2128
27 1138
140 2428
160 2938
133 3348
170 3198
176 3198
189 3348
28 2248
118 1404
307 3348
47 1358
127 2988
104 2468
30 2578
135 2398
220 3355
119 2625
38 1545
175 3175
97 2305
21 2595
43 2165
41 1585
177 2655
5 885
33 1075
1 3385
210 2675
54 3305
26 2125
11 645
134 3005
37 3085
126 3095
106 3155
58 1625
30 1065
67 1165
312 3455
147 1835
148 2615
32 405
29 435
13 3265
32 2915
61 875
105 2005
151 1755
105 1745
90 1045
44 2175
60 2815
77 1155
117 1295
169 1865
77 3345
165 1785
169 3455
173 2995
116 1265
135 1785
2 3265
295 3455
164 3195
164 3415
124 1605
194 2085
124 1305
236 2975
28 885
82 2305
44 2675
96 2315
27 2825
172 1855
123 2145
123 3295
20 1235
219 2825
227 2895
101 1425
105 1945
95 3015
264 2925
34 3205
31 1915
169 2955
34 2515
31 665
56 1505
226 2705
56 1435
136 3035
20 2115
15 735
126 2255
180 3045
43 1055
25 3435
214 3375
235 2775
128 1855
155 2355
180 2965
33 745
52 2495
18 2465
18 445
165 2745
270 2745
193 2135
53 1675
148 1675
133 1685
44 2465
24 2015
168 1895
19 2035
19 2185
96 2885
50 875
55 2885
87 2445
189 2945
139 2945
211 3295
87 2765
133 2945
33 2565
250 2775
252 2945
8 945
65 2565
268 3295
294 3075
329 3375
27 2195
35 2155
125 2665
130 1605
8 2155
12 705
221 3335
73 2835
171 3105
30 2195
115 1795
138 2995
52 735
104 1965
127 3415
62 1305
6 3025
62 2935
62 2015
176 2295
159 2185
62 1605
81 1595
229 2985
170 2295
28 2835
53 1485
7 355
159 2035
84 1015
213 2685
213 3105
81 2185
86 1015
237 2845
6 475
30 1975
6 2395
6 2715
52 2535
3 2805
98 2055
81 2035
33 655
205 2525
205 3345
48 2305
96 2975
78 2125
99 2385
89 1045
125 3105
89 2465
117 1365
30 1135
46 1185
125 2215
117 2575
201 2935
120 2425
239 2425
284 2935
135 2425
35 2245
182 3345
120 1405
127 3195
139 1825
120 1355
27 305
57 1045
57 2465
27 2575
160 2015
160 2845
14 1915
257 2925
127 1705
127 1765
139 1895
133 1395
133 2525
189 2525
22 3156
36 3006
154 2876
188 3206
8 1096
210 2176
163 2976
127 3326
134 2336
37 956
156 1726
106 1136
296 3136
304 3136
93 3276
144 2696
89 906
77 2056
186 2956
140 1786
95 3086
131 2386
48 826
255 2896
117 2646
56 1036
14 316
15 2496
20 3376
102 2356
244 3366
276 3366
73 2496
102 1286
75 2746
137 2376
102 2776
50 3366
19 816
146 2296
19 1106
24 2936
151 3436
168 3346
279 2976
146 2986
193 3106
115 3236
113 2196
223 2836
171 2136
47 3026
271 3026
17 2156
211 3376
115 3166
115 3426
48 1806
14 666
239 2716
40 996
27 1976
110 2186
47 2716
98 1826
3 486
98 3076
276 3226
110 2036
3 2306
70 1186
46 706
81 1106
39 2216
55 2976
128 2776
46 2246
117 2926
136 2576
212 2386
47 2426
28 356
182 3076
120 2396
182 2526
47 2396
190 3316
201 2846
179 3316
133 3076
189 3076
67 1267
30 3157
217 2677
174 2007
301 3087
3 827
131 2127
123 3377
227 2557
20 2147
296 3047
45 947
74 2567
102 1557
322 3367
146 1767
146 1707
39 3337
319 3417
110 1597
180 2807
53 1517
203 2187
49 1917
98 2527
50 3227
244 3227
98 1397
48 2807
155 2777
182 2057
55 967
136 2927
170 2987
176 2987
50 2767
244 2767
190 3427
190 3167
190 3237
135 1407
128 1557
316 3317
139 2527
139 3077
323 3317
331 3427
179 3427
179 3237
179 3167
252 3077
85 3318
141 3188
2 138
143 1508
84 868
50 2448
179 1908
170 1768
316 3428
323 3428
316 3238
133 1898
