1 2 5
1 6 4
1 7 3
1 11 4
1 12 3
1 13 4
1 59 3
2 6 4
2 7 3
2 9 3
2 11 4
2 41 1
2 54 0
2 59 3
3 4 4
3 6 2
3 9 2
3 56 4
3 58 6
3 63 2
3 92 2
3 93 3
3 94 5
4 56 8
5 7 4
5 8 3
5 20 3
5 57 8
5 59 4
6 9 5
6 53 1
6 58 3
7 8 3
7 57 4
7 59 8
7 82 3
8 41 3
8 59 3
8 60 4
8 80 2
8 115 3
9 11 3
9 12 2
9 60 3
9 68 1
9 93 2
9 97 1
10 20 0
10 37 4
10 52 1
10 78 4
10 85 4
10 95 4
10 98 2
10 108 4
11 12 3
11 13 4
11 41 1
11 82 2
11 91 3
12 13 6
12 39 3
12 61 5
12 67 5
12 68 4
12 115 3
13 39 5
13 61 5
13 68 2
13 93 2
14 17 3
14 19 3
14 64 3
14 70 3
14 80 4
15 16 6
15 63 5
15 64 2
15 66 6
15 70 2
15 92 4
15 97 6
16 63 5
16 66 8
16 69 4
16 92 4
16 93 4
16 97 6
17 55 2
17 67 2
17 68 3
17 70 3
17 80 3
17 112 2
17 115 3
18 62 5
18 64 2
18 65 4
20 35 4
20 57 3
21 22 4
21 24 5
21 71 5
21 74 5
22 24 3
22 71 4
22 98 3
23 24 5
23 26 2
23 28 5
23 72 4
23 73 5
23 75 2
24 28 3
24 71 5
24 72 3
24 73 7
25 29 1
25 31 1
25 71 0
25 76 4
25 81 1
26 28 2
26 30 3
26 31 2
26 75 8
26 76 1
26 83 3
27 86 3
28 72 4
28 73 3
28 75 2
29 39 2
29 61 1
29 79 3
29 81 8
29 84 2
29 114 2
30 75 3
30 83 8
31 75 2
32 37 5
32 46 4
32 54 5
32 85 5
32 95 5
32 113 3
33 88 5
33 99 2
33 114 5
34 91 6
34 96 4
35 36 5
36 93 6
36 94 5
37 54 4
37 78 5
37 85 6
37 95 8
37 108 6
38 96 6
38 116 6
39 61 4
39 63 2
39 81 2
39 97 4
40 91 3
40 99 7
41 80 3
41 115 2
42 43 4
42 45 5
42 46 5
42 100 4
42 101 4
42 104 5
43 44 5
43 45 3
43 52 3
43 100 4
43 101 8
43 102 5
43 103 4
43 104 5
44 45 4
44 47 6
44 101 5
44 102 8
44 103 6
44 104 5
44 105 6
44 107 6
45 46 6
45 47 4
45 54 0
45 104 6
45 107 4
45 108 3
46 47 3
46 85 4
46 104 4
46 107 3
46 108 4
47 100 3
47 102 6
47 103 5
47 104 4
47 105 6
47 107 8
48 113 5
49 52 4
50 109 4
52 111 3
52 112 1
53 54 3
53 55 5
53 110 5
53 111 4
53 112 6
53 113 5
54 85 4
54 95 4
54 111 2
54 113 4
55 110 7
55 112 6
55 113 4
57 59 4
59 82 3
61 67 4
61 90 4
61 97 1
62 65 4
63 66 5
63 68 0
63 92 6
63 93 4
63 97 6
64 86 2
65 69 3
65 70 3
66 69 4
66 92 4
66 93 4
66 97 6
67 68 5
67 115 4
68 69 3
68 70 3
68 115 4
69 70 5
69 80 1
70 80 3
71 73 4
71 82 0
71 87 2
72 73 3
72 105 4
75 76 1
75 83 3
78 95 5
79 81 3
80 103 0
80 115 3
81 84 2
81 114 2
82 98 1
84 88 4
84 89 2
84 98 1
85 86 1
85 95 6
85 108 6
90 92 2
91 96 4
91 99 3
92 94 4
92 97 5
93 94 5
93 97 4
95 108 6
96 116 4
99 100 3
100 101 4
100 103 5
100 107 3
101 102 5
101 103 4
101 104 5
102 103 6
102 104 5
102 105 6
102 107 6
103 105 5
103 107 5
105 107 6
106 108 1
109 111 4
110 111 6
110 112 7
111 112 5
111 113 3
112 113 4
115 116 1
