1
1
1
1
1
1
1
1
1
1
1
1
1
1
1
1
1
18
1
1
1
1
1
1
1
1
1
1
1
1
1
1
1
1
1
1
1
1
1
1
1
1
1
1
1
1
18
1
1
1
1
1
1
1
1
1
1
1
1
1
1
1
1
1
1
1
1
1
1
1
1
1
1
1
1
1
1
1
1
1
1
1
1
1
1
1
1
1
1
1
1
1
1
1
1
1
1
1
1
1
1
1
1
1
1
1
1
1
1
1
1
1
1
1
1
1
1
1
1
1
1
1
1
1
1
1
1
1
1
1
1
1
1
1
1
1
1
1
1
1
18
1
1
144
1
18
144
144
18
18
144
18
18
18
144
144
18
18
18
18
18
162
18
18
144
18
18
18
18
18
144
18
144
18
18
18
18
18
18
144
18
18
183
1
18
144
18
18
144
18
18
18
18
18
18
18
18
18
18
144
18
18
18
18
144
18
18
144
144
18
18
18
213
213
1
1
1
144
18
144
1
18
183
183
18
18
18
18
18
18
18
18
18
18
18
18
18
18
18
18
18
18
18
18
18
18
18
18
18
18
18
183
18
18
18
18
18
1
18
1
1
1
1
1
1
1
1
268
1
1
268
1
268
1
268
1
1
1
1
280
280
280
280
280
1
1
1
1
1
1
1
1
1
213
1
1
1
1
1
1
1
1
213
1
1
1
1
1
1
1
1
1
1
1
18
1
1
1
1
1
1
1
1
1
1
1
1
1
1
1
1
213
1
1
1
1
