5 1480
17 630
37 1970
50 1860
52 1340
54 2590
88 1420
103 1280
147 2240
164 1940
185 1860
6 820
28 850
28 870
28 1490
56 1620
79 1410
17 710
20 710
24 690
24 710
43 1000
82 2230
34 2000
127 1570
86 2240
78 2220
130 1700
22 1000
33 410
139 2040
64 890
73 840
15 1091
22 1621
28 2271
37 2131
43 1411
59 2341
6 431
79 1631
16 741
61 2231
74 2001
198 2231
7 871
7 961
7 2241
33 1561
37 591
56 841
59 1681
108 1131
146 2411
156 2081
156 2321
18 621
20 2241
25 1181
40 1641
42 1671
1 81
60 1671
2 1291
88 1981
88 2201
98 1201
120 1531
144 1491
18 421
16 781
29 681
18 1841
18 2201
1 911
17 181
61 851
61 1491
149 1591
17 981
17 1011
4 2141
14 1111
4 2041
49 1071
66 1001
75 1881
9 1311
117 1771
117 2301
20 1001
9 2291
12 491
4 401
11 1501
53 601
15 211
1 111
111 1351
26 291
27 341
40 411
40 721
40 1021
66 701
70 761
51 521
52 1951
9 361
13 462
56 2022
69 852
71 2032
91 1932
113 1652
24 882
4 1332
199 2202
22 792
60 1682
87 2242
93 2412
200 2332
37 2322
66 1542
78 1162
116 1902
120 2422
3 972
154 1982
3 2382
167 2082
21 682
1 852
61 1432
67 802
15 682
78 1742
89 2172
91 2272
93 2582
17 2202
143 1492
75 2142
14 2642
135 2642
172 2642
26 1702
49 1352
4 2662
99 2662
100 1602
19 2072
60 722
67 1482
41 602
136 2032
26 1182
174 1882
188 1892
40 992
53 2212
67 892
15 1452
77 2212
20 2062
99 2212
15 1502
73 1712
92 2272
124 2272
23 1712
1 152
22 1432
66 982
66 1012
20 702
93 2112
210 2202
107 1182
52 572
36 522
16 2612
16 1902
46 932
41 532
93 1952
51 932
9 932
12 1192
12 2652
12 1182
12 2262
31 1503
81 893
82 2213
127 2143
148 1553
201 2323
8 113
102 1643
2 2073
25 263
42 623
144 1453
39 2173
33 803
235 2583
66 1303
11 143
101 1303
51 1463
40 2663
98 1003
27 1373
129 1903
129 2613
146 1953
49 2483
77 1363
19 2673
53 1363
123 2423
19 2563
135 1583
139 1483
157 1883
242 2603
76 993
34 553
29 1586
89 1393
108 1113
35 2353
67 1393
150 1713
153 2063
181 2353
34 363
53 2033
34 573
77 2033
171 2273
70 983
101 2103
101 2203
22 1593
118 2103
72 766
22 843
158 2103
52 2113
9 523
20 983
107 1583
20 1533
16 273
98 1533
27 1906
102 1573
102 1743
102 1893
102 2043
57 1513
36 1513
12 1583
57 1253
46 833
57 833
46 1253
50 926
36 833
36 1253
73 926
83 1953
122 2563
125 1953
126 2563
51 833
51 1253
256 2633
119 1223
119 1263
119 2633
122 2263
126 2263
226 2633
16 1664
75 964
170 1844
111 1724
137 2064
23 2224
50 2224
29 1184
1 1454
70 1534
41 764
27 2614
190 2614
108 2634
108 1224
86 1434
84 864
108 1264
86 1594
157 2044
86 1604
174 2044
189 2044
157 1894
174 1894
118 1584
143 1604
157 1744
159 1604
84 1604
64 734
39 734
84 1434
64 924
39 924
23 734
73 1244
23 504
39 504
50 644
50 1244
23 1244
23 644
23 394
152 2315
54 1915
114 1525
33 2085
21 2075
41 725
248 2565
248 2675
126 2335
233 2635
122 2335
46 515
46 1955
84 1595
92 1245
143 1595
64 1245
39 645
39 1245
117 1766
55 1066
131 2296
177 2306
97 2386
35 1816
123 2606
9 2116
12 1076
53 776
256 2676
65 2376
105 2376
119 1806
83 1516
180 2266
180 2656
125 1516
65 1056
215 2376
105 2156
65 2156
36 576
119 2656
226 2656
51 1956
83 1256
119 2266
122 2636
122 1266
126 2636
58 2286
58 2546
112 2546
44 1126
112 2166
44 2166
112 2506
44 2506
112 2286
216 2286
216 2506
216 2546
58 1126
228 2506
228 2546
58 2506
44 586
44 2546
250 2546
58 2166
44 2286
121 1756
169 1736
115 1786
169 1756
115 1216
121 1786
110 1756
115 1756
121 1736
110 1736
169 1786
169 1796
110 1156
115 1736
115 1796
173 1756
121 1696
173 1786
173 1796
110 1696
110 1216
121 1796
115 1696
110 1786
175 1786
175 1796
110 1796
178 1796
