1 5 2
1 32 2
1 572 6
1 587 2
1 1986 3
2 5 2
2 14 4
2 21 4
2 591 4
2 1349 3
2 1365 6
2 1373 4
3 33 3
3 791 2
3 1341 5
3 1650 4
3 1651 3
3 2011 4
4 9 4
4 558 4
4 568 4
4 601 6
4 1666 4
4 1695 4
5 14 3
5 572 2
5 582 1
5 1365 2
6 24 3
6 34 3
6 42 3
6 45 2
6 1663 3
6 1698 2
7 12 1
7 16 3
7 46 1
7 558 3
7 1666 2
7 1697 2
8 11 4
8 30 6
8 563 4
8 1356 4
9 11 2
9 568 4
9 601 4
9 1351 3
9 1695 4
10 41 4
10 598 3
10 796 3
10 1345 3
10 1361 4
10 1679 2
11 563 5
11 605 4
11 1351 5
11 1657 4
12 16 3
12 37 5
12 556 3
12 1991 4
12 2001 3
12 2027 3
13 17 0
13 561 3
13 764 3
13 1346 3
13 1673 3
13 2006 3
13 2013 1
14 21 3
14 591 3
14 1365 4
15 1339 4
15 1651 3
16 37 2
16 556 4
16 558 1
16 1697 1
16 1993 3
17 38 3
17 2024 2
18 35 2
18 36 2
18 559 1
18 560 3
18 567 2
18 585 3
18 1649 1
19 588 4
19 596 3
19 813 2
19 1669 5
19 1699 3
19 1987 3
20 40 4
20 603 4
20 610 1
20 1689 5
20 1699 4
21 44 1
21 591 5
21 1365 4
21 2018 1
22 43 1
22 570 6
22 1364 2
23 46 3
23 48 6
23 1347 3
23 1661 4
23 1682 2
23 1685 2
23 1697 2
24 39 2
24 45 3
24 597 2
24 1378 3
25 29 5
25 808 2
25 1359 5
25 1371 4
25 1377 6
26 559 3
26 567 3
26 607 4
26 1352 4
26 1372 2
26 1692 1
26 2027 1
27 1343 1
27 1379 2
27 1690 1
27 1988 1
28 599 4
28 1336 2
28 1659 4
28 1985 4
28 2025 4
29 592 3
29 1359 5
29 1371 5
29 1377 5
29 1990 2
31 36 4
31 565 4
31 2012 4
32 44 0
32 572 2
32 1652 0
32 1986 4
32 1996 3
32 2021 2
33 593 4
33 600 4
33 1341 4
33 1659 1
33 1994 2
33 2011 4
34 42 3
34 43 1
34 579 2
34 1350 3
34 1678 3
35 47 4
35 560 4
35 585 4
35 594 3
35 784 3
35 1676 4
36 565 4
36 567 2
36 1649 2
37 556 2
37 607 2
37 1991 4
37 2001 4
37 2027 4
38 557 2
38 579 2
38 1696 1
38 2002 2
38 2024 4
39 42 3
39 45 5
39 1662 5
39 1668 4
40 595 1
40 610 2
40 1689 4
40 1995 3
41 594 1
41 598 3
41 796 4
41 1361 3
41 1375 5
41 1679 2
42 43 3
42 45 4
42 1660 4
43 45 3
43 1660 5
43 1662 4
43 1668 3
44 1347 3
44 1661 3
44 2018 1
45 1660 3
45 1662 4
46 48 3
46 589 3
46 1697 5
47 560 4
47 585 5
47 594 4
48 1347 3
48 1661 4
48 1697 2
49 60 5
49 67 4
49 82 5
49 102 4
49 108 5
50 55 4
50 64 6
50 71 4
50 73 4
50 79 5
50 132 5
51 61 4
51 76 4
51 136 4
51 874 1
51 878 5
52 70 3
52 98 4
52 101 4
52 104 6
52 111 5
52 116 3
54 57 5
54 65 5
54 68 5
54 86 4
54 115 5
55 64 4
55 73 6
55 79 4
55 132 5
56 71 3
56 79 2
56 90 2
56 131 6
56 877 2
56 882 2
57 65 6
57 68 4
57 86 5
57 115 5
57 129 3
58 91 5
58 94 4
58 95 4
58 123 5
59 62 4
59 77 5
59 81 5
59 93 2
59 130 3
60 82 4
60 116 0
61 76 4
61 93 3
61 136 4
61 878 4
62 74 4
62 77 4
62 81 5
62 113 3
63 75 3
63 96 3
63 97 3
63 119 4
63 126 4
63 128 3
63 843 3
64 71 4
64 73 4
64 79 5
64 132 5
65 68 4
65 86 5
65 115 5
65 129 3
66 78 2
66 101 2
66 2049 4
66 2061 5
66 2065 4
66 2072 5
67 80 3
67 82 5
67 106 2
67 108 5
67 114 4
67 118 3
68 86 5
68 87 5
68 115 5
69 103 6
69 120 5
69 127 4
69 133 4
69 135 4
70 98 5
70 99 3
70 111 4
70 117 4
70 125 2
71 79 4
71 131 3
71 132 3
72 75 5
72 85 3
72 126 5
72 128 6
72 843 6
72 920 5
73 79 4
73 132 5
74 81 3
74 83 4
74 89 4
74 100 4
74 113 5
75 85 4
75 119 3
75 126 5
75 128 5
75 920 4
76 77 1
76 93 4
76 136 6
76 878 4
77 81 5
77 93 3
78 98 3
78 99 3
78 101 5
78 104 4
78 111 4
78 116 2
79 132 5
80 102 5
80 108 4
80 114 4
80 118 5
80 122 3
80 134 4
81 93 2
82 108 4
83 89 5
83 100 5
83 113 4
83 121 4
84 105 5
84 130 5
84 137 5
85 96 4
85 97 4
85 119 5
85 126 4
86 87 5
86 115 5
87 88 6
87 115 5
89 100 6
89 113 5
89 121 4
90 92 3
90 109 3
90 125 3
90 131 2
91 94 5
91 95 5
91 107 5
91 110 5
91 112 3
91 121 3
92 109 5
92 117 3
92 125 5
92 881 3
93 136 4
94 95 6
94 107 5
94 110 5
94 112 4
94 124 5
95 107 5
95 110 5
95 112 4
95 124 5
96 97 6
96 106 4
96 114 1
96 119 5
97 106 4
97 119 5
98 99 4
98 101 4
98 111 5
98 117 3
99 101 3
99 111 4
99 2049 3
99 2065 3
100 113 5
100 121 4
101 104 4
101 111 5
102 108 5
102 118 5
102 134 3
103 120 5
103 127 4
103 133 4
103 135 4
104 111 5
104 116 3
105 130 4
105 137 4
106 114 3
106 119 3
107 110 6
107 121 3
107 124 5
108 114 3
108 118 4
109 117 4
109 125 5
109 949 1
110 112 4
110 121 3
110 124 5
112 123 5
112 124 5
112 129 3
114 118 3
114 122 3
115 129 2
116 836 3
117 125 4
118 134 4
118 820 2
119 126 3
120 127 5
120 133 5
120 135 4
120 381 3
122 134 4
122 820 4
122 866 2
123 129 2
124 129 2
125 949 1
126 128 5
126 843 5
127 133 6
127 135 3
127 381 3
128 843 6
128 920 5
130 137 6
131 877 2
131 882 2
133 381 3
134 820 3
134 839 2
136 878 4
138 143 2
138 157 3
138 168 5
138 170 6
138 188 5
138 221 4
139 144 3
139 162 1
139 178 4
139 231 3
140 156 6
140 163 5
140 199 3
140 201 4
140 202 5
140 211 5
140 220 3
141 165 4
141 181 6
141 197 5
141 199 2
141 217 3
141 1759 2
141 2087 4
142 149 5
142 186 4
142 195 3
142 204 3
142 214 6
142 452 4
142 2076 5
143 144 3
143 152 4
143 155 5
143 157 5
143 162 5
143 170 2
144 152 4
144 162 4
144 178 4
144 231 2
145 169 6
145 179 5
145 206 3
145 208 5
145 210 4
146 182 5
146 186 5
146 195 5
146 204 5
146 227 6
147 153 4
147 198 4
147 209 5
148 172 5
148 190 6
148 206 4
148 218 4
148 1262 5
148 1287 3
148 1289 4
149 186 5
149 195 4
149 204 4
149 214 5
149 227 4
149 452 4
150 164 5
150 187 5
150 222 5
150 223 3
150 963 5
151 176 4
151 194 5
151 200 2
151 205 4
151 226 4
151 229 4
151 614 3
152 155 5
152 157 3
152 162 5
152 221 2
153 173 4
153 175 4
153 198 6
153 209 4
154 164 5
154 187 5
154 222 5
154 963 5
154 1258 5
154 1279 5
154 1282 2
155 157 4
155 162 5
155 221 3
156 163 5
156 199 3
156 201 4
156 202 5
156 211 5
157 162 4
157 170 3
157 188 4
158 183 4
158 193 4
158 1247 4
158 1250 4
158 1257 3
158 1266 4
158 1288 4
159 174 2
159 180 4
159 189 4
159 213 2
159 224 4
159 232 4
160 185 5
160 212 5
160 230 5
160 233 0
160 653 2
161 166 2
161 200 2
161 207 5
161 219 3
161 228 6
161 2093 3
163 201 5
163 202 5
163 211 4
163 220 4
163 233 4
164 187 6
164 222 6
164 963 6
164 1258 4
165 181 4
165 656 2
165 2087 6
166 192 1
166 216 1
166 219 4
166 228 2
167 177 5
167 215 3
167 2074 5
167 2075 5
167 2077 5
168 170 5
168 188 5
168 191 0
168 221 4
169 179 5
169 208 5
169 210 4
170 188 5
170 209 0
170 221 4
171 191 6
171 196 6
171 213 5
171 224 3
171 225 6
172 175 3
172 190 5
172 206 4
172 218 5
172 1262 4
173 175 5
173 198 4
173 218 4
174 180 4
174 189 2
175 198 4
175 218 4
176 194 4
176 205 6
176 219 2
176 226 3
176 614 4
176 636 3
177 203 3
177 215 4
177 216 3
177 2074 5
177 2075 5
177 2093 3
178 231 4
179 208 4
179 210 4
180 189 3
180 224 3
180 232 3
181 197 5
181 199 2
181 217 3
181 2087 4
182 195 6
182 204 6
182 227 5
183 193 6
183 1252 4
183 1266 6
184 2076 4
185 194 2
185 212 6
185 226 3
185 229 3
185 230 6
185 653 2
186 195 5
186 204 5
186 227 5
186 452 3
187 222 6
187 963 6
187 1279 4
188 221 4
189 232 2
190 206 4
190 218 4
190 1262 5
190 1287 3
190 1289 4
191 196 6
191 213 5
191 225 6
191 232 2
192 203 3
192 215 3
192 216 4
192 625 1
192 669 1
193 1010 4
193 1247 4
193 1252 4
193 1266 6
194 205 4
194 226 5
194 229 5
194 614 3
195 204 6
195 227 5
196 213 5
196 225 6
197 199 2
197 217 4
197 1265 4
197 1759 3
197 2087 3
198 209 4
199 211 3
200 228 2
200 628 2
201 202 5
201 220 5
201 233 5
201 2078 5
202 211 4
202 220 4
202 2078 4
203 207 3
203 215 5
203 216 5
203 228 2
203 2093 5
204 227 5
205 219 2
205 226 3
205 614 4
205 636 3
206 208 4
206 218 3
207 215 2
207 219 3
207 228 5
207 2093 4
210 231 3
211 666 1
212 226 3
212 229 3
212 230 6
212 653 2
213 224 4
213 225 5
213 232 3
214 452 4
214 2076 5
215 216 5
215 2093 4
216 2093 4
217 656 4
217 670 4
217 1265 4
217 1759 5
218 1262 3
219 228 3
220 233 4
220 659 1
220 2078 4
222 963 6
222 1258 4
222 1279 4
223 612 1
223 663 1
224 225 3
224 232 3
226 229 6
228 2093 3
233 2078 6
234 248 3
234 252 2
234 253 2
234 294 2
234 334 2
234 373 3
235 383 5
235 1763 5
235 1764 4
235 1766 4
236 278 2
236 325 4
236 345 4
236 352 4
236 367 3
236 673 4
236 699 4
237 274 3
237 285 4
237 298 4
237 340 3
237 342 3
237 349 2
237 355 3
238 243 2
238 271 5
238 613 4
238 622 5
238 626 4
238 1745 2
238 1748 2
239 251 2
239 272 2
239 334 3
239 371 2
240 264 5
240 331 5
240 349 6
240 389 5
241 247 2
241 292 1
241 317 2
241 353 3
242 393 2
243 271 2
243 622 2
243 1065 0
243 1731 4
243 1747 4
243 1751 4
244 358 2
244 375 0
244 379 1
244 1028 1
244 1046 2
245 688 3
245 1018 5
245 1047 4
245 1764 1
245 1771 4
246 301 6
246 323 6
246 329 6
246 360 6
246 366 6
246 370 5
247 292 5
247 615 3
247 664 1
248 250 4
248 252 3
248 368 1
248 373 6
248 394 3
249 274 6
249 298 4
249 340 2
249 359 4
249 377 6
250 269 4
250 276 3
250 350 2
250 394 4
251 272 4
251 299 3
251 335 3
251 371 4
252 269 2
252 307 2
252 350 2
252 373 3
253 294 4
253 304 5
253 334 4
253 354 5
253 362 3
254 325 6
254 345 6
254 367 4
254 384 4
254 699 3
255 315 3
255 328 3
255 348 4
255 374 3
255 692 3
255 1722 1
255 1729 1
256 268 5
256 308 3
256 316 3
256 324 4
256 357 3
256 1069 3
257 319 4
257 1030 3
257 1049 4
257 1053 3
258 302 5
258 1055 4
259 275 2
259 305 2
259 390 1
259 1048 3
260 290 5
260 297 3
260 311 3
260 321 3
260 326 2
260 387 4
261 302 2
261 338 3
261 339 4
261 361 3
261 1055 4
261 1063 2
262 263 3
262 265 1
262 315 3
262 328 4
262 1061 4
262 1768 2
263 280 3
263 315 5
263 328 3
263 348 4
263 374 4
263 391 2
264 331 4
264 340 3
264 349 5
264 355 4
264 389 4
265 346 1
265 391 3
265 1034 2
265 1057 2
265 1059 3
266 267 4
266 312 4
266 341 6
266 369 5
267 312 6
267 341 4
267 369 3
268 296 5
268 308 3
268 316 3
268 320 4
268 324 5
268 357 4
269 276 4
269 286 1
269 373 3
269 394 2
270 287 5
270 330 5
270 337 5
270 365 5
270 375 5
270 376 5
271 293 3
271 613 3
271 622 5
271 626 4
271 1748 1
272 335 5
272 371 4
272 1062 2
273 293 4
273 314 3
273 380 4
273 1065 3
273 1744 3
274 285 4
274 298 4
274 359 4
274 377 6
275 305 6
275 308 5
276 350 4
276 394 2
277 289 4
277 295 6
277 307 3
277 313 3
277 338 2
277 1036 4
277 1050 2
278 316 3
278 325 2
278 345 2
278 1021 4
279 280 1
279 635 3
279 1419 2
280 315 3
280 348 3
280 374 3
280 1414 1
281 310 5
281 385 4
281 1034 5
281 1054 3
281 1057 4
281 1059 4
282 300 3
282 633 3
283 677 3
283 682 6
283 689 5
283 702 5
283 1016 4
283 1054 3
283 1770 5
284 288 2
284 318 2
284 470 3
284 486 3
284 1415 2
285 298 5
285 342 3
285 359 4
285 377 4
286 289 4
286 302 1
286 307 4
286 313 5
286 350 3
287 330 6
287 337 5
287 365 6
287 375 5
287 376 5
287 390 4
288 964 4
288 965 4
288 970 4
288 986 4
288 1415 3
288 1431 4
289 295 4
289 307 5
289 313 5
289 350 3
289 1036 2
290 297 3
290 311 3
290 321 3
290 326 2
291 309 5
291 326 3
291 347 5
292 615 3
292 638 3
293 380 3
293 1744 4
294 304 3
294 334 5
294 362 4
295 307 3
295 313 3
295 1036 4
295 1050 2
296 316 3
296 320 4
296 322 4
296 324 4
296 357 5
297 326 2
298 342 3
298 377 4
299 371 2
300 633 4
301 323 6
301 329 6
301 360 6
301 366 6
301 368 4
301 370 5
302 313 1
302 338 3
302 339 3
303 322 1
303 340 4
303 355 4
304 334 3
304 354 6
304 362 4
304 388 4
305 308 5
306 1049 1
307 313 5
307 350 4
308 320 2
308 324 3
308 364 5
309 326 3
309 347 6
310 385 3
310 1034 4
310 1054 4
310 1059 3
310 1770 2
311 369 2
311 386 1
311 387 5
312 341 4
312 369 3
313 350 3
314 378 5
314 700 3
314 1065 6
314 1070 3
315 328 4
315 348 5
315 374 5
316 1021 4
316 1069 4
317 353 2
317 681 3
317 690 3
317 693 3
318 1411 4
318 1413 4
318 1426 3
318 1430 2
319 1030 3
319 1037 1
319 1049 3
319 1053 3
320 322 5
320 324 5
320 357 5
320 1041 5
321 372 2
321 387 4
322 357 5
322 1041 5
323 329 6
323 360 6
323 366 6
323 368 4
323 370 5
324 357 5
324 1041 4
325 345 6
325 367 4
325 384 4
325 699 3
326 347 3
328 348 4
328 692 5
328 1061 4
329 360 6
329 366 6
329 368 4
329 370 5
330 337 5
330 365 6
330 375 5
330 376 5
330 390 4
331 342 4
331 349 5
331 389 6
332 337 2
332 361 3
332 363 3
332 376 2
332 392 3
332 1063 3
333 613 1
333 624 4
333 626 2
333 632 4
333 637 4
333 664 4
333 1748 0
334 362 3
335 371 3
335 1028 1
335 1062 3
336 359 4
336 362 1
336 388 2
337 365 5
337 375 5
337 376 6
338 339 4
338 363 2
338 1036 3
339 1055 3
340 355 5
341 369 5
342 349 4
342 389 4
344 1069 3
345 367 4
345 384 4
345 699 3
346 391 3
346 619 3
346 623 3
347 388 3
348 374 5
348 692 4
349 355 3
349 389 5
352 367 3
352 699 3
353 382 1
354 388 4
355 389 3
356 372 3
356 386 2
356 690 4
356 693 4
357 1041 5
358 379 4
358 1067 4
359 377 4
360 366 6
360 368 4
360 370 5
361 363 5
361 392 5
361 1063 5
363 392 5
363 1036 2
363 1050 3
363 1063 5
364 390 0
365 375 5
365 376 5
365 390 4
366 368 4
366 370 5
367 384 4
368 373 1
372 387 2
372 690 4
374 685 3
375 376 5
378 700 3
378 1018 1
378 1065 5
378 1070 4
379 1058 2
379 1067 2
380 1065 2
380 1732 3
380 1739 3
381 1055 1
382 643 1
382 1204 1
383 674 4
383 680 3
383 1763 6
383 1764 4
383 1766 5
385 1034 5
385 1057 5
385 1059 5
385 1768 1
392 1019 2
392 1050 3
392 1063 4
395 437 4
395 453 4
395 489 4
395 1505 3
396 412 4
396 467 5
396 484 2
396 1460 5
396 1463 4
396 1475 4
396 1585 3
397 404 3
397 1449 4
397 1527 4
397 1546 2
397 1547 3
398 434 0
398 1586 2
399 407 5
399 413 4
399 419 5
399 457 4
399 463 3
399 483 3
400 439 4
400 469 3
400 1447 2
400 1489 4
400 1506 3
401 462 3
401 474 2
401 478 2
401 1898 2
402 465 5
402 1506 6
403 405 3
403 466 3
403 1062 2
404 409 4
404 411 4
404 1474 4
405 466 6
406 426 2
406 451 3
406 486 2
406 981 1
406 1000 2
406 1431 1
407 413 5
407 419 5
407 422 2
407 426 3
407 457 5
407 463 3
408 415 3
408 430 1
408 447 3
408 477 4
408 991 1
408 1405 2
409 411 5
409 444 5
409 1534 2
409 1547 3
410 435 4
410 968 3
410 1383 5
410 1391 5
411 444 5
411 1474 3
411 1502 2
411 1534 2
411 1547 3
412 467 3
412 484 4
412 1407 4
412 1460 4
412 1463 4
412 1492 5
413 419 4
414 427 1
414 442 3
414 488 4
414 1486 1
414 1542 3
415 447 4
415 464 4
415 477 4
415 481 4
415 1512 4
416 423 6
416 429 5
416 438 4
416 460 4
416 475 5
416 487 6
416 493 5
417 420 3
417 428 3
417 1408 2
418 427 6
418 1486 6
418 1503 6
418 1519 5
419 457 4
419 483 3
420 428 6
420 445 3
421 422 2
421 426 2
421 474 3
421 1430 3
421 1433 2
422 426 4
422 457 2
422 986 1
422 1431 1
422 1433 2
423 429 5
423 438 4
423 460 4
423 475 5
423 487 6
423 493 5
424 437 4
424 453 5
424 482 4
424 489 3
424 1449 2
424 1537 4
424 1554 5
425 430 3
425 439 3
425 471 3
425 490 3
425 1405 1
425 1493 5
425 1504 5
426 457 3
426 463 2
427 1486 6
427 1503 6
427 1509 4
427 1519 5
428 445 3
429 438 5
429 475 4
429 487 5
429 493 4
429 1408 5
430 481 2
430 490 3
430 1493 4
430 1504 3
430 1556 5
431 446 5
432 445 0
432 1448 1
432 1584 1
433 461 5
433 476 1
433 491 6
433 1511 4
433 1536 5
433 1550 3
433 1564 5
434 1462 1
434 1566 1
435 1383 4
435 1391 5
435 1565 4
436 955 3
436 967 2
437 453 5
437 454 5
437 482 5
437 1554 3
438 463 2
438 487 4
438 1408 5
439 469 4
439 471 2
439 1489 4
439 1493 3
439 1504 3
440 443 3
440 483 4
441 448 2
441 458 2
441 494 1
442 479 3
442 488 5
442 1443 4
442 1516 3
442 1542 5
443 483 4
444 1534 2
447 464 3
447 477 4
448 494 1
449 462 1
450 704 2
451 486 2
451 1000 4
451 1148 2
451 1228 2
451 1234 3
452 479 1
452 1454 1
453 482 4
453 489 4
453 1537 3
453 1554 4
454 482 4
455 476 1
455 482 3
455 489 4
455 1528 3
456 473 2
456 1003 2
457 463 3
458 485 3
458 1395 3
458 1400 3
458 1403 3
459 462 3
460 475 4
460 478 3
460 487 4
460 493 4
461 491 5
461 1511 5
461 1536 6
461 1550 4
461 1564 6
462 478 1
462 1898 3
464 481 2
464 1540 5
464 1577 5
465 1506 5
467 1460 5
467 1463 4
467 1475 4
467 1585 4
468 492 4
468 1451 2
468 1452 5
468 1522 5
468 1543 4
468 1585 2
469 490 5
469 1489 5
470 485 1
470 486 5
470 1433 3
471 991 1
471 1405 2
471 1447 3
471 1461 3
471 1504 3
472 492 3
472 1551 4
472 1555 4
472 1575 3
473 1828 1
474 478 2
475 487 5
475 493 6
476 1534 2
476 1555 3
476 1558 4
477 1512 4
479 488 4
479 1389 4
479 1443 5
479 1454 4
479 1516 5
480 1482 5
480 1515 2
480 1520 3
480 1544 3
480 1552 4
480 1574 4
481 490 2
481 1512 3
482 489 4
482 1554 3
484 1402 4
484 1407 4
484 1492 5
485 1417 1
485 1433 3
486 1430 2
486 1433 2
487 493 5
488 1389 3
488 1443 5
488 1516 4
488 1542 5
489 1528 4
490 1489 4
490 1493 3
491 1536 5
491 1564 5
492 1452 4
492 1522 4
492 1555 2
494 1427 1
495 503 4
495 510 2
495 523 3
495 541 4
495 1957 3
495 1958 3
495 1961 3
496 502 5
496 508 5
496 528 4
496 551 5
496 553 2
496 554 4
497 499 5
497 511 5
497 539 4
497 541 2
497 1942 4
497 1957 4
498 505 4
498 535 4
498 542 4
498 545 6
498 1939 3
499 511 6
499 539 4
499 1942 5
499 1967 5
500 509 4
500 519 2
500 520 4
500 544 5
500 1920 5
500 1926 6
500 1950 3
501 506 3
501 514 3
501 547 4
502 508 6
502 528 3
502 551 5
502 553 2
502 554 4
503 510 4
503 523 5
503 541 2
503 1911 4
503 1955 4
503 1961 4
504 526 5
504 552 5
504 1948 5
504 1954 6
504 1976 4
505 515 4
505 535 5
505 537 4
505 545 4
505 1939 3
505 1948 2
506 514 3
506 524 4
506 1930 2
507 518 4
507 525 4
507 531 3
507 536 4
507 546 3
507 753 1
507 1597 2
508 528 3
508 551 5
508 553 2
508 554 4
509 519 4
509 520 6
509 530 3
509 549 4
509 1920 4
509 1926 4
510 523 5
510 535 0
510 1911 4
510 1955 4
510 1971 4
511 539 4
511 1942 5
511 1967 5
512 516 5
512 517 3
512 540 1
512 555 3
513 519 4
513 522 5
513 528 2
513 530 5
513 549 4
514 524 2
515 535 3
515 537 5
515 552 2
515 1948 3
515 1959 2
516 517 2
516 540 2
516 555 2
517 547 2
517 555 5
518 525 5
518 536 5
518 546 4
519 520 4
519 522 5
519 530 5
519 549 5
520 530 3
520 549 4
520 1920 4
520 1926 4
521 532 5
521 533 3
521 543 3
521 720 4
522 528 2
522 530 6
522 549 5
523 1911 5
523 1955 5
523 1961 5
523 1971 5
524 547 2
524 1930 4
525 536 4
525 546 3
526 537 3
526 542 2
526 552 6
526 1948 5
526 1954 5
527 540 3
527 1910 4
527 1928 3
527 1932 5
527 1952 3
528 554 3
529 533 3
529 729 2
529 751 3
529 1617 3
530 549 5
531 729 4
531 755 5
531 1597 5
532 533 4
532 543 2
532 708 3
532 720 3
532 751 3
533 546 2
533 708 3
533 751 4
533 1604 3
534 544 0
534 548 3
534 550 2
535 537 3
535 545 4
535 1939 3
536 546 4
537 545 3
537 552 3
537 1948 4
538 539 2
538 541 2
538 550 2
538 1949 4
538 1953 3
539 1942 4
539 1949 3
540 1928 4
540 1932 4
540 1937 3
541 1957 4
541 1958 3
542 545 4
542 552 2
543 744 3
543 752 4
544 1920 5
544 1926 5
544 1950 3
545 1939 3
546 1604 2
547 555 1
547 1930 3
547 1968 3
549 1920 2
550 1953 3
551 554 4
552 1948 5
552 1954 5
554 1916 1
555 1919 2
555 1964 2
557 571 1
557 576 4
557 2002 5
557 2020 5
557 2024 4
558 601 4
558 1666 5
559 567 5
559 607 3
559 1352 5
559 1376 3
559 1672 4
560 585 5
560 594 3
561 609 3
561 764 4
561 777 3
561 1346 3
561 1673 5
561 1694 2
562 573 3
562 582 4
562 800 3
562 1670 3
563 583 4
563 605 5
563 1351 5
563 1657 5
564 569 2
564 608 4
564 1646 5
564 1665 5
564 1686 3
564 2000 5
565 611 1
565 765 1
565 1649 1
566 773 4
566 800 4
566 805 3
566 1368 6
566 1653 2
566 1664 3
567 607 3
567 1352 4
567 1672 3
568 583 4
568 601 4
568 605 3
568 1657 3
568 1695 6
569 769 4
569 795 0
569 1374 2
569 1665 3
569 1674 3
569 1686 4
570 576 1
570 590 2
570 1364 2
571 577 6
571 604 4
571 1653 2
571 1658 4
571 1691 2
571 2020 2
572 587 2
572 1360 0
572 1654 1
572 1986 3
573 582 2
573 766 5
573 770 4
574 1647 4
574 1681 2
574 2008 5
575 767 3
575 783 2
575 1645 4
576 590 2
576 2002 5
576 2020 3
576 2024 4
577 604 4
577 1653 2
577 1658 4
578 782 2
578 784 5
578 1649 5
578 1676 4
579 590 4
579 1338 3
579 1350 4
579 1678 4
579 1696 3
580 586 5
580 603 1
580 785 5
580 813 3
580 1674 1
581 602 1
581 1337 5
581 1348 3
581 1362 5
581 1677 3
581 2014 4
583 601 2
583 605 5
583 1351 4
583 1657 5
583 1695 4
584 593 4
584 599 1
584 600 3
584 1687 2
584 1988 2
584 1994 5
585 594 3
586 785 6
586 813 4
586 2029 3
587 773 4
587 805 4
587 1654 5
587 1664 4
587 1670 4
588 596 3
588 602 2
588 603 3
588 1699 4
588 1987 4
588 1995 3
589 1648 1
589 1666 2
589 1697 3
589 2008 1
590 1678 3
591 780 1
591 1349 3
591 1365 4
592 609 0
592 1366 0
592 1371 2
592 1990 2
592 2005 2
593 600 4
593 1341 2
593 1659 2
593 1687 3
593 1994 3
594 1345 1
594 1375 2
595 610 5
595 775 5
595 795 3
595 806 5
595 1343 2
595 1667 3
596 602 4
596 772 4
596 1669 3
597 799 2
597 1367 4
597 1700 2
598 807 4
598 1345 4
598 1361 2
598 1375 3
598 1376 2
599 1342 2
599 1985 4
599 2025 6
600 1341 4
600 1650 3
600 1994 3
600 2011 4
601 1666 4
601 1695 4
602 772 4
602 802 3
602 1667 1
603 1689 5
603 1699 5
603 1987 4
603 1995 4
604 606 3
604 1658 4
604 2017 0
605 1351 5
605 1657 6
605 1695 3
606 779 5
606 793 2
606 1688 1
606 1691 2
607 1352 3
607 2001 4
607 2027 3
608 1646 5
608 1675 3
608 1688 5
608 2000 4
609 764 4
609 798 1
610 775 4
610 795 4
610 806 5
610 1667 3
611 789 3
611 1355 3
611 1372 5
611 1692 5
611 1693 4
612 621 1
612 1740 4
612 1757 3
612 1761 6
613 615 3
613 622 4
613 626 5
613 1745 2
614 628 3
614 636 4
614 641 3
615 622 2
615 626 3
616 630 4
616 645 4
616 650 5
616 655 4
616 668 3
616 671 4
616 1756 4
617 636 2
617 641 3
617 665 1
617 1388 2
617 1397 3
618 640 6
618 648 6
618 651 6
618 661 5
618 1738 6
618 1743 5
619 620 4
619 623 6
619 657 4
619 672 2
620 623 4
620 627 3
620 635 4
620 639 4
620 657 5
620 667 4
621 643 3
621 647 3
621 649 4
621 663 2
621 1757 4
622 626 5
623 657 4
623 672 2
624 632 5
624 637 6
624 638 5
624 664 5
625 629 5
625 652 5
625 665 5
625 669 6
625 1387 5
625 1388 4
627 631 3
627 635 4
627 639 3
627 667 3
627 1749 4
627 1758 4
628 1435 1
628 2079 1
629 652 5
629 665 6
629 669 5
629 1387 5
629 1388 5
630 645 6
630 655 5
630 658 5
630 662 6
630 671 5
630 1756 5
631 1749 5
631 1758 4
632 637 5
632 638 4
632 664 5
633 1740 2
633 1761 1
634 636 3
634 641 4
635 639 4
635 657 3
635 667 4
635 1758 2
636 641 5
637 638 5
637 664 5
638 664 5
639 642 3
639 657 3
639 667 6
640 648 6
640 651 6
640 653 3
640 661 5
640 1738 6
640 1743 5
642 667 3
642 672 3
642 1741 2
642 1762 6
643 644 3
643 646 4
643 647 6
643 649 5
644 647 3
644 649 2
644 982 2
645 655 5
645 658 5
645 662 6
645 671 5
645 1756 5
646 647 4
646 649 4
646 979 1
647 649 5
648 651 6
648 661 5
648 1738 6
648 1743 5
649 1757 3
650 655 5
650 658 5
650 671 5
651 653 3
651 661 5
651 1738 6
651 1743 5
652 665 5
652 669 5
652 1387 5
652 1388 4
653 1738 3
653 1743 4
654 661 0
654 666 5
654 1243 3
654 1273 2
654 1284 3
655 658 6
655 662 5
655 671 6
656 670 5
656 1754 5
656 1759 5
657 667 3
657 1762 3
658 662 5
658 671 6
659 1799 2
659 1883 2
660 1735 6
660 1742 6
660 1746 6
660 1753 5
660 1760 5
661 1738 5
662 671 5
662 1756 5
665 669 5
665 1387 5
665 1388 5
666 1243 3
666 1284 3
668 1735 2
668 1737 2
668 1742 2
669 1387 5
669 1388 4
670 1754 6
670 1759 5
672 1741 3
672 1762 3
673 679 2
673 699 4
674 675 3
674 677 2
674 680 5
674 686 3
674 1763 4
674 1766 4
675 680 4
675 681 4
675 686 6
675 690 3
675 693 4
675 1766 2
676 685 5
677 680 2
677 682 3
677 689 4
677 702 4
678 684 2
678 688 2
678 700 2
678 1018 4
678 1047 4
678 1070 3
678 1771 4
679 681 3
679 699 2
680 686 4
680 693 2
681 686 4
681 690 4
681 693 5
682 689 5
682 702 5
682 1770 5
683 691 4
683 1416 4
683 1423 3
683 1437 3
684 1026 3
684 1765 5
684 1767 3
684 1773 3
685 1434 2
686 690 3
686 693 4
686 1766 2
687 700 6
688 1018 3
688 1047 3
688 1764 3
689 702 6
689 1770 4
690 693 5
691 1416 3
691 1423 3
692 1061 4
692 1768 2
694 979 3
694 1491 5
694 1541 6
700 1065 3
700 1070 5
700 1771 3
701 1044 2
701 1767 3
701 1773 2
702 1054 2
702 1770 4
705 706 4
707 757 4
707 1615 3
707 1620 3
707 1626 5
707 1635 5
708 716 3
708 720 3
708 751 4
708 753 2
708 1604 4
709 724 4
709 739 5
709 748 5
709 1592 5
709 1605 3
709 1613 6
709 1614 6
710 712 2
710 727 5
710 747 3
710 760 5
710 1637 3
710 1639 3
710 1643 4
712 738 2
712 761 5
712 1594 3
712 1611 5
712 1637 3
712 1639 5
713 736 4
713 742 2
713 1591 4
713 1616 3
713 1618 4
713 1641 5
714 740 6
714 763 2
714 1588 2
714 1596 2
714 1601 3
715 741 6
715 1631 3
715 1636 4
715 1642 3
716 720 2
716 742 2
716 744 2
716 753 4
716 1604 2
716 1644 2
717 723 3
717 738 3
717 749 4
717 750 5
717 1621 1
717 1622 3
718 719 2
718 725 5
718 746 4
718 1627 3
718 1636 2
719 725 3
719 756 3
719 1624 5
719 1627 2
719 1630 3
720 744 3
720 751 2
720 752 3
721 728 3
721 1589 3
721 1600 4
721 1631 4
721 1642 4
721 1937 1
722 731 4
722 762 5
722 1602 6
722 1603 4
722 1607 2
722 1632 5
723 738 5
723 749 4
723 761 3
723 1611 3
723 1622 3
724 734 4
724 737 4
724 1592 3
724 1605 5
724 1613 4
724 1614 4
725 746 3
725 1624 2
725 1627 2
726 740 3
726 754 1
726 1601 4
726 1625 4
727 747 4
727 760 4
727 1606 4
727 1643 4
728 730 1
728 1600 3
728 1928 2
728 1936 5
728 1937 3
729 755 4
729 1597 4
730 756 4
730 1623 3
731 759 3
731 1602 4
731 1603 6
731 1616 3
731 1618 2
731 1632 4
732 743 4
732 757 2
732 758 6
732 1601 2
732 1608 4
732 1612 4
732 1625 4
733 748 1
733 1590 4
733 1595 3
733 1598 4
733 1621 4
733 1634 3
734 737 6
734 1594 2
734 1605 5
734 1640 4
735 1590 4
735 1595 5
735 1599 5
735 1634 5
736 1591 5
736 1641 5
737 1594 2
737 1605 5
737 1640 4
738 749 4
738 750 3
738 761 3
738 1611 3
739 748 5
739 750 1
739 1592 5
739 1613 5
739 1614 5
740 763 2
740 1588 2
741 746 3
741 754 2
741 1589 4
741 1631 3
741 1636 4
741 1642 3
742 753 3
742 1597 2
742 1618 2
742 1619 4
742 1644 3
743 758 4
743 1596 3
743 1608 3
743 1612 6
743 1625 4
743 1637 1
744 752 5
744 759 2
744 1629 4
745 757 2
745 1587 4
745 1609 4
745 1610 5
745 1638 6
746 754 3
746 1589 3
746 1636 4
747 760 3
747 763 2
747 1606 5
747 1643 3
748 1592 5
748 1613 5
748 1614 5
749 750 3
749 1622 4
750 1621 1
751 1604 3
751 1617 6
752 759 2
752 1629 4
753 1597 2
753 1604 2
753 1644 2
754 1615 2
754 1636 4
755 1597 6
755 1619 2
756 1623 3
756 1624 3
756 1910 1
757 758 2
757 1608 4
757 1620 3
757 1626 5
758 1601 2
758 1608 4
758 1612 4
758 1625 4
759 1603 3
760 1639 2
760 1640 1
760 1643 3
761 1594 3
761 1611 6
761 1639 4
762 1602 5
762 1632 6
763 1588 4
763 1593 4
763 1628 3
764 1346 4
764 1673 3
765 782 4
765 783 3
765 786 4
765 789 3
765 1683 6
766 770 4
767 783 5
767 786 4
767 1645 2
768 777 3
768 805 0
768 812 5
768 1340 3
768 1360 3
768 1694 3
769 797 5
769 1674 3
769 1686 6
770 800 4
771 776 3
771 794 2
771 803 4
771 809 3
771 1370 3
772 790 2
772 802 3
773 805 5
773 1368 4
773 1654 4
773 1664 5
773 1670 4
774 811 5
774 1339 4
775 795 3
775 806 5
775 1343 3
775 1667 3
775 1690 3
776 795 1
776 803 4
776 1343 3
776 1370 5
776 1690 3
777 812 3
777 1360 3
777 1673 3
777 1694 5
778 792 1
778 801 3
778 808 3
778 810 5
780 1349 3
780 1355 3
780 1373 3
780 1645 4
780 1692 2
782 1649 2
782 1683 4
783 786 5
783 1683 3
784 1649 4
784 1676 5
785 813 4
786 789 4
786 1683 4
786 1693 2
787 788 4
788 1338 4
788 1346 2
788 1350 4
788 1696 4
789 1372 3
789 1683 3
789 1692 3
789 1693 4
790 1348 2
790 1362 3
791 1336 3
791 1353 4
791 1659 3
791 1687 3
792 810 2
793 1354 5
793 1363 5
793 1369 5
793 1691 4
794 803 2
794 809 5
794 811 2
795 806 4
796 807 3
796 1345 4
796 1375 4
797 1686 5
798 808 1
799 1367 3
799 2010 3
800 1368 4
801 808 5
801 810 2
802 1667 2
803 809 2
803 1370 4
805 1654 4
805 1664 5
805 1670 4
806 1667 3
807 1345 5
807 1376 3
807 1672 2
808 810 2
808 1377 2
811 1339 3
812 1340 2
812 1360 4
812 1366 2
812 1652 2
812 1694 3
813 1655 4
813 1669 2
814 822 5
814 825 6
814 865 5
814 872 4
815 859 4
815 872 2
816 830 5
816 844 5
816 853 6
816 912 4
816 923 6
816 939 6
817 818 4
817 850 5
817 867 6
817 889 4
817 893 3
817 897 6
817 942 3
818 850 5
818 867 4
818 893 5
818 897 4
818 921 3
818 928 4
819 868 4
819 894 5
819 910 4
819 911 3
819 918 5
819 929 6
820 838 2
820 866 4
820 946 3
821 846 3
821 879 6
821 887 5
821 891 5
821 936 4
822 825 5
822 865 4
822 912 4
823 826 6
823 834 1
823 847 4
823 864 6
823 870 4
823 908 5
824 896 4
824 902 6
824 913 4
824 927 3
824 938 5
825 865 5
825 872 4
825 912 3
826 847 4
826 864 6
826 870 4
826 908 5
827 833 3
827 898 6
827 909 5
827 943 5
828 876 6
828 886 6
828 899 5
828 906 5
828 907 4
829 854 4
829 901 5
829 905 4
829 915 4
830 844 5
830 853 5
830 863 3
830 922 5
830 923 5
830 939 5
831 832 5
831 840 5
831 910 3
831 914 4
831 931 6
831 941 4
832 840 4
832 914 5
832 931 5
832 934 2
832 941 5
833 893 2
833 898 3
833 909 4
833 921 4
833 928 3
833 943 3
834 835 2
834 868 1
834 870 2
834 936 2
835 868 5
835 870 1
835 894 4
835 911 4
836 865 2
836 950 3
837 838 5
837 854 2
837 857 4
837 866 4
837 901 3
837 946 5
838 839 4
838 854 3
838 866 3
838 901 4
838 946 4
839 901 2
840 910 4
840 918 3
840 929 2
840 931 5
840 941 3
841 881 3
841 924 5
841 933 4
841 949 4
842 895 3
843 920 5
844 853 5
844 903 2
844 922 4
844 923 5
844 939 5
845 848 2
845 855 4
845 874 4
845 883 5
845 919 2
845 932 4
845 951 4
846 879 3
846 942 2
847 864 4
847 908 5
847 952 4
848 856 3
848 883 1
848 900 4
848 919 5
848 944 5
849 851 4
849 860 5
849 862 4
849 884 4
849 885 5
849 890 4
849 935 3
850 867 5
850 893 4
850 897 5
850 928 3
851 860 4
851 885 3
851 890 5
851 902 0
851 933 3
852 854 3
852 856 4
852 857 2
852 900 3
853 912 4
853 922 5
853 923 6
853 939 6
854 901 5
854 905 4
855 874 5
855 883 4
855 930 3
855 932 5
855 951 6
856 900 5
856 944 4
857 866 4
857 900 2
857 946 4
858 871 4
858 886 2
858 899 3
858 907 4
858 917 4
858 937 4
858 947 4
859 872 1
859 905 4
860 884 4
860 885 4
860 890 5
860 935 4
860 940 4
861 869 6
861 892 5
861 895 4
861 934 4
861 945 5
861 948 6
862 884 6
862 885 5
863 903 4
863 922 3
863 935 2
863 940 2
864 870 4
864 908 5
865 872 4
866 946 5
867 889 4
867 897 6
867 942 3
868 894 5
868 911 4
868 929 4
869 892 5
869 895 4
869 934 4
869 945 5
869 948 6
870 908 5
870 952 4
871 907 2
871 917 6
871 925 6
871 930 2
871 937 6
871 947 6
873 876 0
874 878 1
874 883 4
874 932 5
874 951 5
876 886 6
876 899 5
876 906 5
877 882 6
877 924 0
879 887 5
879 891 5
880 896 3
880 898 2
880 904 4
880 913 3
880 916 6
880 926 5
880 927 4
881 924 3
881 949 5
883 932 5
883 951 4
884 885 5
884 903 2
884 935 5
885 903 2
885 935 4
886 899 5
886 906 5
886 907 4
887 889 3
887 891 6
887 936 5
887 942 3
889 897 4
889 936 3
889 942 5
890 933 4
890 940 4
891 936 5
892 914 2
892 934 5
892 941 2
892 945 6
892 948 5
893 897 3
893 921 4
893 928 5
894 910 3
894 918 4
894 929 5
895 948 4
896 902 4
896 913 6
896 916 3
896 938 5
897 942 3
898 904 4
898 909 5
898 916 2
898 943 5
899 906 6
899 907 5
900 919 4
900 944 5
901 905 4
901 946 2
902 913 4
902 927 3
902 938 5
903 935 3
904 909 3
904 916 4
904 926 5
904 927 3
904 943 4
905 915 5
906 907 5
907 947 2
908 952 4
909 921 2
909 943 5
910 918 5
910 929 4
910 931 3
911 918 2
911 929 3
911 952 2
912 922 3
912 923 4
912 939 4
913 916 3
913 927 4
913 938 5
914 931 4
914 934 3
914 941 6
916 926 5
916 927 4
917 925 6
917 937 6
917 947 6
918 929 5
918 931 2
919 944 5
921 928 5
922 923 5
922 939 5
923 939 6
924 933 3
924 949 3
925 937 6
925 947 6
926 927 4
926 943 3
930 937 2
930 947 2
930 951 3
931 941 4
932 951 5
934 941 3
934 945 5
935 940 5
936 942 3
937 947 6
945 948 5
953 955 4
953 967 2
953 977 2
953 993 3
954 961 3
954 983 3
954 987 5
954 1122 3
954 1153 3
954 1223 2
955 967 4
955 977 2
955 1005 1
956 1008 3
957 1058 0
958 962 6
958 974 3
958 976 4
958 977 2
959 967 2
959 1005 3
959 1009 3
959 1013 2
959 1415 3
960 969 3
960 998 5
960 1004 5
960 1390 4
960 1396 5
960 1455 2
961 982 1
961 1001 5
961 1198 3
962 974 3
962 976 4
962 977 2
963 1258 4
963 1279 4
964 965 6
964 970 6
964 986 5
964 1013 5
964 1234 3
964 1431 4
965 970 6
965 986 5
965 1013 5
965 1234 3
965 1431 4
966 1006 4
966 1267 5
966 1282 5
967 977 2
967 1005 3
967 1009 3
968 998 3
968 1004 3
968 1383 2
968 1390 3
968 1391 3
968 1396 3
969 998 3
969 1004 3
969 1396 3
969 1507 3
969 1583 2
970 986 5
970 1013 5
970 1234 3
970 1431 4
971 988 6
972 993 4
972 1007 5
973 984 5
973 985 5
973 990 6
973 1469 5
973 1517 5
973 1578 5
974 978 1
975 978 4
975 989 5
975 1002 6
976 977 2
978 989 3
978 1002 4
979 1491 3
979 1541 3
980 998 4
980 1004 4
980 1383 2
980 1390 5
980 1394 3
980 1396 4
981 1000 3
981 1228 3
982 1001 2
983 987 4
983 1421 5
984 988 5
984 990 5
984 1517 6
984 1578 6
984 1583 4
985 988 4
985 990 5
985 1469 4
985 1517 5
985 1578 5
985 1583 3
986 1013 4
986 1431 5
987 1421 3
988 990 4
988 1517 5
988 1578 5
988 1583 4
989 1002 5
990 1469 5
990 1517 5
990 1578 5
991 1011 4
991 1380 5
991 1385 3
991 1386 4
991 1405 5
992 1733 1
993 1007 3
993 1169 1
994 1385 5
994 1399 3
995 1003 1
995 1402 1
995 1407 1
995 1807 2
995 1862 2
996 1406 3
996 1479 3
996 1485 4
996 1488 4
996 1783 3
997 1012 5
997 1259 2
998 1004 6
998 1390 5
998 1396 6
999 1014 2
999 1253 5
999 1272 4
999 1280 5
1001 1096 3
1002 1185 3
1004 1390 5
1004 1396 6
1005 1009 6
1005 1415 2
1005 1432 2
1006 1258 2
1006 1260 3
1006 1267 4
1006 1277 0
1006 1282 5
1008 1014 2
1008 1801 2
1008 1827 2
1008 1899 3
1009 1415 2
1009 1432 2
1010 1247 6
1010 1266 4
1010 1281 4
1010 1288 5
1011 1380 4
1011 1385 3
1011 1386 6
1011 1406 3
1011 1500 4
1012 1251 3
1012 1257 4
1014 1253 3
1014 1263 2
1014 1899 2
1015 1019 1
1015 1037 5
1015 1041 2
1016 1054 5
1016 1770 4
1017 1042 3
1017 1048 4
1017 1051 2
1017 1064 4
1018 1047 5
1018 1070 3
1018 1771 5
1019 1036 3
1019 1037 1
1019 1050 4
1021 1027 1
1023 1033 5
1023 1038 3
1023 1066 4
1023 1769 3
1023 1774 5
1024 1068 1
1025 1042 6
1025 1048 3
1025 1064 5
1026 1029 3
1026 1040 4
1026 1765 3
1026 1767 4
1026 1773 5
1028 1030 4
1028 1053 3
1028 1062 2
1029 1035 4
1029 1040 4
1029 1045 5
1029 1056 4
1030 1049 4
1030 1053 5
1031 1052 1
1032 1071 5
1032 1275 4
1032 1291 4
1033 1038 2
1033 1066 4
1033 1769 3
1033 1774 5
1034 1054 2
1034 1057 5
1034 1059 5
1035 1044 5
1035 1045 5
1035 1056 6
1035 1060 3
1035 1767 1
1035 1773 1
1036 1050 4
1038 1039 3
1038 1772 3
1038 1774 2
1039 1772 6
1040 1045 3
1040 1773 3
1042 1048 3
1042 1064 5
1043 1275 3
1043 1291 3
1044 1045 4
1044 1056 5
1044 1060 3
1045 1056 5
1045 1060 3
1046 1058 2
1047 1771 4
1048 1064 3
1049 1053 5
1050 1063 3
1051 1064 2
1051 1069 4
1054 1770 4
1056 1060 3
1057 1059 5
1058 1062 2
1061 1768 4
1065 1070 3
1066 1752 3
1066 1769 3
1066 1774 5
1070 1771 4
1071 1478 1
1072 1098 5
1072 1100 5
1072 1113 5
1072 1150 5
1072 1155 5
1072 1186 3
1072 1235 3
1073 1141 3
1073 1199 2
1073 1207 4
1073 1214 4
1073 1224 3
1074 1083 4
1074 1133 3
1074 1137 5
1074 1141 4
1074 1226 3
1074 1232 4
1075 1080 4
1075 1106 4
1075 1109 2
1075 1170 4
1075 1182 4
1075 1216 5
1076 1101 3
1076 1130 5
1076 1173 2
1076 1197 3
1076 1201 1
1076 1233 3
1076 1237 5
1077 1097 3
1077 1103 5
1077 1104 5
1077 1173 4
1077 1201 4
1077 1206 5
1078 1085 4
1078 1093 2
1078 1110 4
1078 1117 4
1078 1187 4
1078 1236 2
1079 1091 1
1079 1134 4
1079 1192 4
1079 1218 4
1080 1106 5
1080 1169 4
1080 1170 5
1080 1216 5
1080 1241 4
1081 1105 4
1081 1181 2
1081 1189 5
1081 1190 4
1081 1212 4
1082 1146 5
1083 1128 4
1083 1137 3
1083 1152 4
1083 1222 5
1083 1226 4
1083 1232 3
1084 1132 4
1084 1157 3
1085 1109 3
1085 1110 5
1085 1117 6
1085 1161 5
1085 1187 5
1086 1144 2
1086 1208 3
1086 1211 3
1086 1219 2
1087 1108 4
1087 1149 4
1087 1154 4
1087 1195 5
1087 1205 5
1087 1231 6
1087 1239 6
1088 1107 4
1088 1145 4
1088 1167 6
1088 1176 6
1088 1185 4
1088 1196 2
1088 1202 4
1089 1125 3
1089 1172 2
1089 1200 4
1089 1209 4
1089 1219 3
1090 1101 4
1090 1178 5
1090 1228 2
1090 1229 4
1091 1222 4
1092 1119 5
1092 1122 4
1092 1131 5
1092 1223 5
1093 1142 4
1093 1179 5
1093 1199 3
1093 1236 5
1094 1123 4
1094 1158 4
1094 1163 1
1094 1211 3
1094 1219 1
1094 1220 3
1095 1129 3
1095 1146 5
1095 1156 3
1095 1162 5
1095 1166 5
1095 1181 4
1095 1212 2
1096 1121 2
1096 1198 3
1096 1235 2
1097 1104 3
1097 1120 2
1097 1159 4
1097 1185 0
1097 1206 4
1098 1100 4
1098 1150 4
1098 1155 6
1098 1186 4
1098 1227 4
1099 1106 3
1099 1169 3
1099 1180 3
1099 1183 3
1099 1230 3
1099 1241 4
1100 1113 4
1100 1140 3
1100 1150 5
1100 1155 4
1100 1235 3
1101 1173 3
1101 1178 3
1101 1228 2
1101 1237 2
1102 1147 4
1102 1164 3
1103 1173 5
1103 1178 3
1103 1201 5
1103 1206 4
1104 1178 3
1104 1206 4
1104 1229 4
1105 1180 5
1105 1183 5
1105 1189 5
1105 1190 6
1105 1230 4
1106 1169 5
1106 1170 5
1106 1216 5
1106 1241 5
1107 1112 2
1107 1145 6
1107 1167 4
1107 1176 4
1107 1185 4
1107 1238 3
1108 1149 5
1108 1154 3
1108 1204 3
1108 1215 4
1108 1231 4
1108 1239 4
1109 1117 3
1109 1182 2
1110 1117 5
1110 1161 6
1110 1187 6
1110 1199 2
1111 1114 6
1111 1134 5
1111 1156 3
1111 1192 5
1111 1217 6
1111 1218 5
1112 1138 5
1112 1145 2
1112 1168 6
1112 1172 5
1112 1200 2
1112 1238 5
1113 1126 2
1113 1150 4
1113 1155 4
1113 1186 3
1113 1235 4
1114 1129 3
1114 1134 5
1114 1156 3
1114 1192 5
1114 1217 6
1114 1218 5
1115 1132 3
1115 1157 1
1115 1240 2
1116 1118 3
1116 1136 5
1116 1144 4
1116 1151 5
1116 1171 5
1117 1161 5
1117 1187 5
1118 1138 1
1118 1151 3
1118 1171 4
1118 1200 1
1119 1122 5
1119 1131 4
1119 1153 5
1119 1198 3
1119 1223 4
1120 1143 3
1120 1159 3
1120 1191 4
1120 1196 4
1121 1126 3
1121 1154 1
1121 1165 3
1121 1235 3
1122 1153 5
1122 1198 3
1122 1223 4
1123 1124 4
1123 1158 4
1123 1220 2
1123 1221 5
1123 1225 5
1124 1221 5
1124 1225 5
1125 1184 2
1125 1193 1
1125 1200 2
1125 1219 5
1126 1165 4
1126 1186 4
1126 1194 4
1126 1227 4
1127 1139 4
1127 1163 4
1127 1184 3
1127 1208 3
1127 1220 4
1128 1137 3
1128 1174 3
1128 1222 4
1128 1226 2
1128 1232 4
1129 1156 5
1129 1162 4
1129 1166 4
1129 1217 3
1130 1175 4
1130 1197 4
1130 1233 4
1130 1237 5
1131 1140 1
1131 1153 4
1131 1223 6
1132 1143 1
1132 1157 3
1132 1193 2
1133 1137 4
1133 1141 3
1133 1174 3
1133 1207 4
1133 1232 3
1133 1236 2
1134 1192 5
1134 1217 5
1134 1218 5
1135 1140 4
1136 1144 5
1136 1151 5
1136 1171 4
1137 1141 3
1137 1174 3
1137 1232 5
1138 1168 5
1138 1238 4
1139 1157 2
1139 1158 3
1139 1163 4
1139 1203 5
1139 1220 5
1140 1223 1
1141 1207 4
1141 1226 2
1142 1174 5
1142 1179 5
1142 1232 3
1142 1236 5
1143 1191 3
1143 1196 4
1143 1202 4
1144 1151 4
1144 1211 3
1144 1221 2
1144 1225 2
1145 1167 4
1145 1176 4
1145 1185 4
1145 1238 3
1146 1162 5
1146 1166 5
1146 1181 3
1147 1164 5
1147 1213 5
1148 1197 2
1148 1228 3
1148 1234 2
1149 1204 2
1149 1205 5
1149 1215 5
1149 1231 4
1149 1239 4
1150 1155 4
1150 1198 1
1150 1235 3
1151 1171 4
1152 1188 5
1152 1213 3
1152 1222 4
1152 1226 4
1153 1198 3
1153 1223 4
1154 1165 2
1154 1195 4
1154 1231 4
1154 1239 4
1155 1186 4
1155 1227 4
1156 1162 4
1156 1166 4
1156 1217 3
1157 1193 3
1157 1203 3
1158 1220 4
1158 1221 3
1158 1225 3
1159 1191 1
1159 1201 3
1159 1206 4
1160 1177 6
1161 1187 6
1162 1166 6
1162 1181 3
1163 1184 3
1163 1193 3
1163 1203 4
1163 1220 4
1164 1213 5
1165 1194 3
1166 1181 3
1167 1176 6
1167 1185 4
1167 1202 4
1168 1172 5
1168 1238 5
1169 1170 4
1169 1216 4
1169 1241 5
1170 1216 5
1170 1241 4
1172 1200 3
1172 1238 4
1173 1178 3
1173 1201 5
1173 1206 3
1174 1179 4
1174 1232 4
1174 1236 4
1175 1191 1
1175 1197 5
1175 1233 6
1175 1237 4
1175 1240 4
1176 1185 4
1176 1196 2
1176 1202 4
1177 1195 5
1178 1201 2
1178 1229 4
1179 1236 5
1180 1183 6
1180 1189 4
1180 1190 5
1180 1230 5
1180 1241 1
1181 1212 4
1182 1216 4
1182 1230 1
1183 1189 4
1183 1190 5
1183 1230 5
1184 1193 3
1184 1208 4
1184 1219 1
1186 1194 5
1186 1227 6
1188 1213 3
1189 1190 5
1189 1212 3
1190 1230 4
1191 1196 4
1191 1202 2
1191 1233 1
1192 1217 5
1192 1218 6
1193 1203 3
1194 1227 5
1195 1205 4
1195 1231 5
1195 1239 5
1196 1202 4
1197 1233 5
1197 1237 4
1197 1240 4
1199 1207 2
1200 1219 2
1201 1206 4
1203 1220 4
1204 1215 2
1205 1215 5
1205 1231 5
1205 1239 5
1210 1214 4
1210 1224 5
1211 1221 4
1211 1225 4
1213 1226 3
1214 1224 5
1216 1241 4
1217 1218 5
1221 1225 6
1222 1226 3
1228 1234 2
1231 1239 6
1233 1237 4
1233 1240 4
1242 1246 5
1242 1283 5
1243 1244 2
1243 1269 2
1243 1273 3
1243 1276 2
1243 1284 6
1244 1270 2
1244 1272 4
1244 1273 5
1244 1274 4
1244 1280 4
1244 1284 2
1245 1254 4
1245 1270 4
1245 1274 2
1245 1290 3
1246 1283 5
1247 1250 4
1247 1266 4
1247 1281 4
1247 1288 5
1248 1285 6
1248 1498 3
1249 1264 0
1250 1257 3
1250 1259 1
1250 1281 5
1250 1288 5
1251 1252 3
1251 1257 5
1251 1287 1
1252 1266 4
1252 1289 0
1253 1263 1
1253 1280 4
1254 1259 3
1254 1270 4
1254 1274 3
1254 1290 4
1255 1261 1
1255 1271 3
1257 1288 3
1258 1279 4
1258 1282 3
1259 1281 1
1259 1290 5
1260 1282 3
1262 1277 2
1262 1287 4
1262 1289 5
1263 1382 2
1263 1435 1
1264 1267 4
1265 1754 3
1265 1759 4
1265 1868 1
1266 1288 3
1267 1279 3
1267 1282 5
1268 1513 5
1269 1276 5
1269 1283 4
1269 1284 2
1270 1274 4
1270 1280 2
1270 1290 2
1270 1893 1
1272 1273 3
1272 1274 4
1272 1280 5
1273 1274 3
1273 1280 3
1273 1284 3
1274 1280 4
1275 1291 4
1276 1283 4
1276 1284 2
1276 1290 1
1276 1786 0
1277 1287 3
1277 1289 3
1278 1477 0
1279 1282 3
1281 1288 5
1285 1498 3
1285 1535 2
1287 1289 5
1292 1297 4
1292 1300 4
1292 1312 4
1292 1321 4
1292 1322 4
1292 1324 3
1293 1305 4
1293 1309 4
1293 1311 4
1293 1315 5
1293 1316 4
1293 1319 4
1293 1332 4
1294 1299 4
1294 1307 5
1294 1318 2
1294 1329 4
1294 1330 5
1294 1331 5
1294 1333 5
1295 1307 5
1295 1329 6
1295 1330 5
1296 1302 5
1296 1623 4
1297 1300 6
1297 1303 6
1297 1312 6
1297 1321 6
1297 1323 6
1298 1325 1
1298 1328 5
1298 1334 2
1299 1307 4
1299 1324 1
1299 1330 4
1300 1303 6
1300 1312 6
1300 1321 6
1300 1322 3
1300 1323 6
1301 1304 3
1301 1308 5
1301 1314 4
1301 1316 2
1301 1319 3
1302 1623 5
1303 1312 6
1303 1321 6
1303 1323 6
1304 1308 3
1304 1313 3
1304 1314 4
1305 1309 3
1305 1311 3
1305 1315 4
1305 1320 4
1305 1332 3
1305 1335 1
1306 1325 4
1306 1326 6
1306 1334 2
1306 1593 3
1306 1628 3
1306 1630 3
1307 1329 5
1307 1330 6
1307 1331 4
1307 1333 4
1308 1314 4
1308 1319 2
1309 1315 3
1309 1316 6
1309 1319 4
1309 1320 4
1310 1317 6
1310 1318 6
1310 1327 5
1310 1335 4
1311 1315 5
1311 1324 2
1311 1332 6
1312 1321 6
1312 1322 3
1312 1323 6
1313 1334 0
1315 1319 3
1315 1324 2
1315 1332 5
1316 1319 4
1316 1320 4
1317 1318 6
1317 1327 5
1317 1335 4
1318 1327 5
1318 1331 3
1318 1333 3
1318 1335 4
1319 1332 2
1320 1335 2
1321 1322 3
1321 1323 6
1322 1324 3
1324 1332 2
1325 1326 4
1325 1588 2
1326 1334 2
1327 1329 3
1327 1331 4
1327 1333 4
1329 1330 5
1329 1331 5
1329 1333 5
1330 1331 4
1330 1333 4
1331 1333 6
1336 1342 3
1336 1353 2
1336 1357 2
1336 1659 3
1336 1687 3
1337 1362 5
1337 1677 3
1337 2014 4
1338 1350 5
1338 1663 3
1338 1678 4
1338 1696 3
1338 1698 3
1341 1650 5
1341 1651 3
1341 2011 5
1342 1344 3
1342 1357 5
1342 2025 2
1343 1370 4
1343 1690 5
1344 1357 3
1344 1668 1
1345 1376 2
1346 1673 3
1346 1696 2
1347 1652 1
1347 1656 3
1347 1661 4
1348 1362 4
1348 1379 1
1348 1667 0
1348 1677 3
1349 1365 3
1349 1373 4
1349 2007 2
1350 1678 4
1350 1696 3
1350 1698 2
1351 1657 5
1352 1372 1
1352 1376 3
1352 1672 4
1353 1687 3
1354 1358 4
1354 1363 6
1354 1369 6
1354 1658 2
1354 1680 3
1354 1691 3
1355 1372 3
1355 1645 3
1355 1692 4
1355 1693 4
1355 2007 3
1356 1361 2
1356 1679 1
1358 1363 4
1358 1364 1
1358 1369 4
1358 1675 1
1359 1371 4
1359 1377 5
1359 1990 3
1360 1366 3
1360 1652 2
1361 1679 4
1361 2022 4
1362 1677 3
1363 1369 6
1363 1680 3
1364 1374 2
1364 1675 3
1364 2000 1
1365 1373 4
1366 1652 3
1366 1656 2
1366 1673 0
1366 1996 2
1368 1653 2
1369 1680 3
1370 1690 4
1371 1377 4
1371 1681 1
1371 1684 1
1372 1692 5
1372 1693 4
1373 1645 1
1374 1675 3
1376 1672 5
1378 1663 2
1378 1698 3
1379 1650 2
1379 1651 3
1379 2026 3
1380 1385 4
1380 1386 4
1380 1405 4
1380 1461 3
1381 1750 1
1381 2082 2
1382 1435 2
1383 1391 4
1383 1394 1
1383 1565 3
1384 1495 5
1384 1501 3
1384 1526 3
1384 1573 5
1385 1405 2
1385 1461 4
1385 1484 4
1386 1405 3
1386 1406 3
1386 1500 4
1387 1532 1
1388 1397 4
1389 1392 5
1389 1398 4
1389 1443 4
1389 1454 5
1389 1516 5
1390 1394 2
1390 1396 5
1391 1565 4
1392 1398 5
1392 1404 2
1392 1454 4
1392 1516 4
1393 1750 2
1393 2081 5
1393 2082 5
1394 1574 1
1395 1400 3
1395 1401 4
1395 1403 3
1395 1825 1
1398 1404 1
1398 1454 4
1398 1573 3
1399 1404 1
1400 1401 4
1400 1403 3
1401 1403 2
1402 1407 4
1402 1492 3
1403 1898 1
1406 1488 5
1406 1500 4
1406 1569 3
1407 1460 2
1407 1463 2
1407 1492 5
1410 1428 2
1410 1429 1
1410 1438 4
1410 1732 4
1410 1739 4
1411 1413 5
1411 1420 2
1411 1436 5
1412 1420 3
1412 1422 5
1412 1423 2
1412 1424 3
1413 1426 3
1413 1430 3
1413 1436 5
1414 1419 1
1414 1429 5
1414 1434 5
1414 1438 1
1414 1439 3
1416 1423 3
1416 1428 2
1416 1437 1
1417 1426 5
1417 1433 1
1418 1465 3
1418 1794 5
1418 1820 4
1418 1831 3
1418 1875 3
1418 1876 5
1419 1429 1
1419 1758 2
1420 1422 3
1420 1436 2
1422 1424 3
1423 1424 3
1427 1875 3
1427 2097 4
1428 1744 3
1429 1434 4
1429 1438 2
1429 1439 2
1434 1439 3
1438 1732 3
1438 1739 3
1439 1716 2
1439 1729 2
1440 1458 3
1440 1477 4
1440 1521 2
1441 1466 5
1441 1513 4
1441 1557 3
1442 1473 3
1442 1501 4
1442 1526 4
1442 1529 4
1443 1454 3
1443 1516 5
1443 1542 4
1444 1468 4
1444 1481 3
1444 1525 4
1444 1553 4
1444 1561 6
1445 1472 6
1445 1505 5
1445 1523 6
1446 1457 1
1446 1459 3
1446 1494 4
1446 1538 4
1446 1570 4
1446 1582 4
1447 1461 4
1447 1484 4
1448 1533 2
1448 1539 3
1448 1584 6
1449 1474 2
1449 1527 3
1449 1537 2
1449 1547 3
1449 1554 2
1450 1487 4
1450 1496 6
1450 1562 6
1450 1568 4
1451 1452 3
1451 1511 4
1451 1522 3
1451 1550 5
1451 1564 3
1452 1522 6
1452 1543 3
1452 1550 2
1452 1585 2
1453 1483 3
1453 1518 5
1454 1516 4
1455 1499 4
1455 1507 3
1455 2089 3
1456 1466 5
1456 1478 4
1456 1483 3
1456 1535 4
1456 1557 2
1457 1487 3
1457 1496 4
1457 1568 3
1457 1572 3
1458 1480 4
1458 1571 4
1459 1494 2
1459 1502 2
1459 1548 4
1459 1563 4
1459 1570 5
1459 1582 5
1460 1463 5
1460 1475 4
1460 1585 3
1461 1484 6
1462 1566 4
1463 1465 2
1463 1475 3
1464 1490 6
1464 1533 4
1464 1539 4
1464 1581 3
1465 1794 3
1465 1876 3
1466 1535 4
1466 1557 3
1467 1482 3
1467 1494 3
1467 1520 4
1467 1524 4
1467 1544 5
1468 1471 5
1468 1481 5
1468 1525 5
1468 1561 4
1469 1510 3
1470 1581 3
1471 1481 6
1471 1525 4
1471 1546 1
1472 1505 5
1472 1523 6
1473 1509 4
1473 1519 3
1473 1529 4
1473 1559 5
1473 1579 5
1474 1502 3
1474 1514 4
1474 1527 4
1474 1547 4
1475 1499 1
1475 1565 1
1475 1585 3
1476 1487 3
1476 1497 4
1476 1538 2
1476 1549 5
1476 1567 2
1476 1572 5
1477 1531 2
1477 2083 1
1478 1483 3
1478 1518 2
1478 1535 3
1479 1485 4
1479 1560 3
1479 1580 1
1480 1571 3
1481 1525 4
1481 1561 3
1482 1520 4
1482 1544 4
1482 1552 3
1482 1574 3
1483 1518 4
1485 1488 3
1485 1560 3
1486 1503 6
1486 1509 4
1486 1519 5
1486 1559 3
1487 1496 4
1487 1497 3
1487 1549 3
1487 1572 4
1488 1500 4
1489 1506 2
1490 1533 4
1490 1539 4
1490 1581 3
1491 1533 3
1491 1541 5
1493 1504 5
1493 1556 4
1494 1524 3
1494 1538 3
1494 1544 2
1494 1582 3
1495 1501 3
1495 1526 3
1495 1573 4
1495 1803 4
1496 1562 6
1496 1568 4
1497 1508 2
1497 1549 5
1497 1560 1
1497 1567 4
1497 1572 3
1498 1535 5
1499 1565 3
1501 1526 6
1502 1527 2
1502 1547 3
1502 1548 2
1502 1563 2
1503 1509 4
1503 1519 5
1503 1559 3
1504 1556 3
1505 1523 5
1505 1528 2
1507 1565 1
1507 1583 1
1508 1510 2
1508 1520 0
1508 1545 1
1508 1549 2
1508 1567 3
1508 1580 3
1509 1519 5
1509 1559 5
1509 1579 4
1510 1545 4
1510 1580 4
1511 1536 5
1511 1550 5
1511 1564 5
1512 1556 2
1512 1577 4
1514 1527 6
1514 1546 3
1515 1551 3
1515 1552 4
1515 1574 3
1515 1575 4
1517 1578 6
1517 1583 4
1519 1559 4
1520 1524 3
1520 1544 4
1521 1530 3
1522 1543 3
1522 1550 2
1522 1585 2
1524 1538 2
1524 1544 4
1524 1572 1
1525 1548 2
1525 1561 4
1525 1563 2
1526 1529 2
1526 1573 2
1527 1546 3
1527 1547 4
1528 1537 3
1528 1554 3
1529 1559 3
1529 1579 4
1531 1571 2
1532 1829 0
1533 1539 5
1533 1541 4
1533 1584 2
1534 1551 1
1534 1555 3
1534 1558 3
1536 1564 6
1537 1546 2
1537 1554 5
1538 1570 3
1538 1572 2
1538 1582 3
1539 1541 3
1539 1584 3
1540 1577 5
1540 1832 0
1543 1551 2
1543 1555 1
1543 1575 2
1544 1552 2
1545 1574 1
1548 1561 2
1548 1563 6
1548 1570 3
1548 1582 3
1549 1567 3
1549 1572 4
1550 1564 4
1551 1552 2
1551 1555 3
1551 1575 5
1552 1574 3
1552 1575 3
1553 1561 4
1555 1558 3
1559 1579 5
1560 1567 2
1560 1569 0
1560 1850 1
1562 1568 4
1563 1570 3
1563 1582 3
1567 1580 1
1567 1850 1
1570 1582 6
1571 2084 4
1571 2086 1
1576 1586 3
1578 1583 4
1587 1609 4
1587 1610 4
1587 1622 3
1587 1638 4
1588 1593 5
1588 1628 4
1588 1630 2
1589 1627 3
1589 1631 4
1589 1636 2
1589 1642 4
1590 1595 5
1590 1598 5
1590 1599 5
1590 1621 4
1590 1634 5
1591 1641 5
1592 1613 5
1592 1614 5
1593 1628 5
1593 1630 3
1594 1611 3
1594 1639 3
1594 1640 3
1595 1598 5
1595 1599 6
1595 1607 3
1595 1634 6
1596 1601 3
1596 1612 3
1596 1625 4
1596 1643 1
1597 1619 2
1598 1599 5
1598 1607 3
1598 1621 4
1598 1634 5
1599 1607 3
1599 1634 6
1600 1631 4
1600 1642 4
1600 1936 3
1601 1625 4
1602 1603 4
1602 1607 2
1602 1616 2
1602 1632 5
1603 1616 3
1603 1618 2
1603 1632 4
1604 1617 3
1605 1613 3
1605 1614 3
1605 1640 3
1607 1632 2
1607 1634 3
1608 1612 3
1608 1620 2
1608 1626 4
1609 1622 3
1609 1638 4
1610 1620 3
1610 1622 1
1610 1638 5
1611 1637 2
1611 1639 4
1612 1625 4
1612 1637 1
1613 1614 6
1615 1635 3
1615 1636 1
1616 1618 5
1616 1641 4
1616 1644 3
1618 1641 4
1618 1644 4
1620 1626 4
1620 1635 4
1620 1638 3
1624 1628 2
1624 1630 4
1626 1635 5
1627 1631 3
1627 1642 3
1628 1630 4
1631 1642 6
1637 1639 3
1637 1643 2
1641 1644 3
1645 1693 2
1646 1665 4
1646 1675 3
1646 1686 2
1646 1688 4
1646 2000 5
1647 1648 2
1647 1681 4
1647 1682 4
1647 1684 3
1647 1685 3
1647 2028 3
1648 1682 4
1648 1697 2
1649 1676 3
1650 1651 4
1651 2026 3
1652 1656 3
1653 1658 3
1653 1680 1
1654 1664 4
1654 1670 5
1654 2015 4
1656 1684 2
1656 1685 2
1656 1996 2
1657 1695 3
1658 1680 2
1658 1691 3
1659 1687 3
1659 1985 3
1660 1662 4
1660 1668 3
1660 1698 0
1661 1682 3
1661 1684 2
1661 1685 3
1662 1668 4
1663 1678 4
1663 1698 5
1664 1670 4
1664 1694 0
1665 1674 2
1665 1675 2
1665 1686 4
1665 2000 4
1668 2019 0
1669 2029 3
1670 2015 3
1673 1694 2
1674 1686 3
1675 2000 4
1677 2026 2
1678 1698 3
1679 1997 4
1679 2003 6
1679 2022 4
1680 1696 0
1680 2002 0
1681 1682 4
1681 1684 5
1681 1685 4
1682 1684 4
1682 1685 5
1684 1685 5
1689 1699 5
1689 1987 4
1689 1995 5
1691 2020 2
1692 1693 4
1699 1987 5
1699 1995 4
1700 1992 3
1700 2030 3
1701 1702 4
1701 1719 4
1701 1723 5
1701 1726 5
1702 1709 6
1702 1719 3
1702 1723 4
1702 1726 4
1702 1727 6
1703 1710 4
1703 2034 4
1703 2042 4
1703 2056 3
1704 1706 3
1704 1708 4
1704 1712 3
1704 1720 1
1704 1728 4
1705 1707 6
1705 1711 6
1705 1713 6
1705 1715 6
1705 1717 6
1705 1721 6
1705 1730 6
1706 1712 6
1706 1728 4
1707 1711 6
1707 1713 6
1707 1715 6
1707 1717 6
1707 1721 6
1707 1730 6
1708 1720 3
1708 2041 3
1708 2063 2
1709 1727 6
1710 2034 3
1710 2042 3
1711 1713 6
1711 1715 6
1711 1717 6
1711 1721 6
1711 1730 6
1712 1728 4
1713 1715 6
1713 1717 6
1713 1721 6
1713 1730 6
1715 1717 6
1715 1721 6
1715 1730 6
1716 1722 5
1716 1729 6
1717 1721 6
1717 1730 6
1718 1724 4
1718 1725 5
1718 2057 4
1719 1727 3
1720 2041 3
1720 2063 5
1721 1730 6
1722 1729 5
1723 1726 6
1724 1725 5
1724 2057 4
1725 2057 4
1731 1745 4
1731 1747 6
1731 1748 5
1731 1751 6
1732 1739 6
1734 1752 0
1735 1737 5
1735 1742 6
1735 1746 6
1735 1753 5
1735 1760 5
1736 1737 5
1736 1760 5
1737 1742 5
1737 1746 5
1737 1753 5
1737 1760 5
1738 1743 5
1740 1757 3
1740 1761 4
1741 1762 2
1742 1746 6
1742 1753 5
1742 1760 5
1745 1747 4
1745 1748 5
1745 1751 4
1746 1753 5
1746 1760 5
1747 1748 5
1747 1751 6
1748 1751 5
1749 1756 1
1749 1758 4
1752 1774 2
1753 1760 6
1754 1759 5
1757 1761 3
1763 1764 4
1763 1766 5
1764 1766 4
1765 1767 4
1765 1773 3
1767 1773 5
1769 1774 3
1775 1790 3
1775 1795 3
1775 1800 3
1775 1830 4
1775 1880 2
1775 1889 2
1776 1815 5
1776 1822 4
1776 1841 5
1776 1852 4
1776 1861 5
1776 1887 5
1777 1788 5
1777 1797 4
1777 1805 5
1777 1848 5
1777 1881 5
1777 1882 4
1778 1782 2
1778 1810 4
1778 1840 4
1778 1858 3
1778 1867 3
1778 1896 4
1779 1809 5
1779 1816 5
1779 1819 5
1779 1874 5
1779 1892 4
1779 1900 5
1780 1818 4
1780 1891 1
1781 1837 5
1781 1846 4
1781 1856 5
1781 1864 4
1781 1871 6
1781 1886 3
1782 1796 4
1782 1808 5
1782 1810 4
1782 1840 4
1782 1877 3
1782 1885 2
1783 1784 0
1783 1855 2
1783 1888 3
1784 1793 1
1784 1825 5
1785 1865 1
1785 1879 3
1786 1806 4
1786 1811 5
1786 1826 4
1786 1844 4
1786 1847 5
1786 1860 5
1787 1812 3
1787 1829 4
1787 1842 6
1787 1866 4
1787 1869 4
1787 1890 4
1787 1897 3
1788 1797 5
1788 1805 5
1788 1848 6
1788 1881 4
1788 1882 5
1789 1823 2
1789 1868 2
1789 1884 3
1790 1792 5
1790 1795 6
1790 1798 5
1790 1800 6
1790 1838 5
1790 1895 5
1791 1828 2
1791 1881 0
1791 2089 3
1792 1795 5
1792 1797 1
1792 1798 5
1792 1800 5
1792 1838 5
1792 1895 5
1793 1814 3
1793 1825 1
1793 1834 3
1793 1857 3
1793 1878 3
1794 1820 3
1794 1828 2
1794 1875 3
1794 1876 5
1795 1798 5
1795 1800 6
1795 1838 5
1795 1895 5
1796 1808 4
1796 1810 4
1796 1840 4
1796 1854 2
1796 1877 5
1796 1904 2
1797 1805 4
1797 1848 5
1797 1882 6
1798 1800 5
1798 1838 6
1798 1895 6
1798 1903 6
1799 1823 3
1799 1836 4
1799 1845 4
1799 1883 6
1799 1891 4
1800 1838 5
1800 1895 5
1801 1827 4
1801 1892 4
1801 1899 2
1802 1821 3
1802 1843 3
1802 1853 2
1802 1866 2
1802 1890 2
1802 1902 3
1803 2098 2
1804 1832 3
1804 1858 6
1805 1848 5
1805 1881 4
1805 1882 4
1806 1811 5
1806 1818 4
1806 1826 6
1806 1844 6
1806 1860 5
1806 1893 4
1807 1824 3
1807 1851 3
1807 1862 5
1807 1873 4
1807 1880 1
1808 1810 3
1808 1840 3
1808 1877 4
1808 1879 4
1808 1885 3
1809 1816 6
1809 1819 6
1809 1872 5
1809 1874 6
1809 1900 5
1810 1840 6
1810 1896 3
1811 1826 5
1811 1844 5
1811 1847 5
1811 1860 5
1812 1842 3
1812 1863 3
1812 1897 4
1813 1817 3
1813 1834 4
1813 1857 4
1813 1878 3
1814 1834 3
1814 1857 3
1814 1878 4
1815 1821 4
1815 1822 3
1815 1841 4
1815 1843 4
1815 1861 5
1815 1887 6
1816 1819 6
1816 1833 4
1816 1872 5
1816 1874 6
1816 1900 5
1817 1834 3
1817 1850 4
1817 1855 3
1817 1857 3
1817 1888 2
1818 1826 4
1818 1844 4
1818 1860 3
1818 1891 1
1818 1893 4
1819 1833 4
1819 1872 5
1819 1874 6
1819 1900 5
1820 1824 5
1820 1831 5
1820 1862 3
1820 1873 3
1820 1876 4
1821 1843 6
1821 1887 4
1821 1902 4
1822 1841 5
1822 1852 6
1822 1861 4
1822 1863 3
1822 1902 3
1823 1836 5
1823 1845 5
1823 1868 3
1823 1883 3
1823 1884 4
1824 1831 5
1824 1862 4
1824 1873 4
1824 1876 3
1826 1844 6
1826 1860 5
1826 1893 4
1827 1886 2
1827 1892 2
1827 1899 4
1828 2096 5
1829 1842 4
1829 1866 4
1829 1869 4
1829 1890 4
1829 2099 2
1830 1851 2
1830 1880 3
1830 1889 4
1831 1862 3
1831 1873 3
1831 1876 3
1832 1839 3
1832 1858 3
1832 1870 3
1832 1901 5
1833 1846 1
1833 1872 5
1833 1874 4
1833 1894 3
1834 1857 6
1834 1878 4
1835 1854 3
1835 1859 4
1835 1867 6
1835 1896 5
1835 1904 5
1836 1845 6
1836 1883 4
1836 1884 3
1836 1891 4
1837 1856 5
1837 1864 5
1837 1871 5
1837 1894 4
1838 1895 6
1838 1903 6
1839 1870 6
1839 1885 3
1839 1901 4
1840 1896 3
1840 1904 2
1841 1843 3
1841 1852 5
1841 1861 5
1841 1902 3
1842 1866 4
1842 1869 4
1842 1890 4
1842 1897 3
1843 1861 4
1843 1887 4
1843 1902 4
1844 1860 5
1844 1893 4
1845 1868 2
1845 1883 4
1845 1884 3
1845 1891 4
1846 1856 3
1846 1871 4
1846 1886 5
1846 1894 2
1846 1899 2
1847 1860 5
1847 1868 0
1848 1881 4
1848 1882 5
1849 1854 6
1849 1859 5
1850 1855 4
1850 1857 2
1850 1888 3
1851 1862 2
1851 1873 3
1851 1880 3
1851 1889 2
1852 1863 3
1853 1866 3
1853 1869 3
1853 1890 3
1854 1859 5
1854 1867 3
1854 1877 2
1854 1904 4
1855 1888 5
1856 1864 4
1856 1871 5
1857 1878 4
1859 1867 4
1859 1896 3
1859 1904 5
1861 1887 5
1862 1873 5
1863 1897 1
1863 1902 3
1864 1871 4
1864 1894 4
1865 1879 4
1865 1885 4
1866 1869 6
1866 1890 6
1867 1896 5
1867 1904 5
1868 1884 4
1869 1890 6
1870 1885 3
1870 1901 4
1871 1886 3
1871 1894 3
1872 1874 5
1872 1894 2
1872 1900 4
1874 1900 5
1875 1876 4
1877 1879 3
1879 1885 3
1880 1889 4
1883 1891 4
1886 1899 3
1892 1900 4
1895 1903 6
1896 1904 4
1905 1919 3
1905 1930 2
1905 1966 2
1905 1968 3
1905 1975 4
1906 1921 5
1906 1922 4
1906 1938 5
1906 1945 4
1906 1960 4
1906 1969 5
1907 1912 3
1907 1918 6
1907 1977 3
1908 1953 1
1908 1965 5
1908 1970 5
1908 1980 4
1909 1913 4
1909 1916 5
1909 1923 3
1909 1941 0
1909 1972 3
1909 1974 4
1910 1932 4
1910 1952 3
1910 1976 1
1911 1955 6
1911 1961 4
1911 1971 5
1911 1975 2
1912 1918 3
1912 1938 2
1912 1956 5
1913 1914 3
1913 1915 3
1913 1916 4
1913 1923 3
1913 1972 5
1913 1974 5
1914 1915 5
1914 1934 3
1914 1935 5
1914 1972 4
1914 1974 3
1914 1984 1
1915 1934 2
1915 1935 5
1915 1950 1
1915 1972 4
1915 1974 3
1916 1923 3
1916 1972 3
1916 1974 4
1917 1959 2
1917 1966 2
1917 1973 3
1918 1925 2
1918 1956 2
1918 1977 3
1919 1964 4
1919 1966 2
1919 1968 3
1919 1979 3
1920 1926 5
1920 1950 3
1921 1922 5
1921 1938 4
1922 1927 3
1922 1938 3
1922 1947 3
1922 1960 4
1922 1981 3
1923 1944 2
1923 1963 3
1924 1927 4
1924 1945 4
1924 1947 6
1924 1981 5
1925 1944 4
1925 1956 3
1925 1962 3
1925 1963 3
1925 1977 4
1926 1950 3
1927 1931 2
1927 1947 4
1927 1960 3
1927 1981 5
1927 1983 3
1928 1932 4
1928 1936 3
1928 1937 5
1928 1952 4
1929 1934 5
1929 1946 4
1929 1978 4
1930 1968 3
1930 1975 1
1931 1941 3
1931 1962 2
1931 1982 2
1931 1983 4
1932 1937 3
1932 1952 4
1933 1951 5
1933 1979 4
1934 1935 2
1934 1946 4
1934 1978 4
1934 1984 3
1935 1949 0
1935 1972 4
1936 1937 4
1936 1952 3
1937 1952 4
1938 1945 3
1938 1969 4
1939 1965 3
1939 1970 3
1939 1980 2
1940 1943 4
1940 1982 5
1940 1983 4
1941 1962 2
1941 1982 4
1941 1983 2
1941 1984 2
1942 1949 2
1942 1957 2
1942 1967 6
1943 1946 3
1943 1978 3
1943 1982 4
1943 1984 4
1944 1962 3
1944 1963 5
1944 1977 3
1945 1947 4
1945 1960 4
1945 1969 5
1945 1981 3
1946 1978 6
1946 1984 4
1947 1960 5
1947 1969 4
1947 1981 5
1948 1954 5
1949 1953 2
1950 1953 0
1951 1964 3
1951 1979 5
1954 1976 4
1955 1961 4
1955 1971 5
1955 1975 2
1956 1962 2
1957 1958 3
1958 1961 4
1959 1973 4
1959 1980 1
1960 1969 5
1960 1981 4
1961 1971 4
1963 1977 2
1964 1968 2
1964 1979 4
1965 1970 6
1965 1980 4
1966 1975 2
1970 1980 4
1971 1980 1
1972 1974 5
1973 1975 2
1978 1984 4
1981 1983 2
1982 1983 3
1982 1984 3
1985 2011 2
1985 2025 4
1986 1996 2
1987 1995 4
1987 2029 3
1988 1994 2
1988 2004 5
1988 2019 4
1989 1993 5
1990 2005 5
1990 2016 3
1990 2028 2
1990 2030 4
1991 2001 3
1991 2018 1
1991 2027 3
1992 2005 4
1992 2006 1
1992 2030 5
1993 2009 1
1993 2018 1
1995 1998 4
1996 2016 1
1996 2021 3
1997 2003 4
1997 2022 3
1998 2014 2
1999 2029 4
1999 2095 0
2001 2027 5
2002 2020 4
2002 2024 4
2004 2019 4
2004 2026 3
2005 2016 3
2005 2028 2
2005 2030 5
2007 2027 1
2012 2096 1
2015 2017 4
2016 2021 2
2016 2028 3
2017 2100 0
2020 2024 3
2031 2059 6
2031 2069 2
2032 2033 6
2032 2040 6
2033 2040 6
2033 2050 4
2033 2052 4
2033 2055 5
2033 2067 4
2034 2038 3
2034 2042 4
2034 2056 5
2035 2048 5
2035 2060 5
2036 2037 5
2036 2050 4
2036 2051 4
2036 2052 5
2036 2055 4
2036 2067 4
2036 2071 5
2037 2039 5
2037 2050 3
2037 2051 5
2037 2052 4
2037 2067 3
2037 2071 6
2038 2056 4
2038 2057 2
2039 2046 3
2039 2051 5
2039 2071 5
2040 2055 5
2041 2045 1
2041 2063 3
2042 2056 3
2043 2045 3
2043 2053 6
2043 2058 5
2043 2068 5
2043 2070 4
2044 2045 4
2044 2070 6
2045 2053 3
2045 2058 3
2045 2063 2
2045 2070 4
2046 2050 1
2046 2051 3
2046 2054 4
2046 2062 4
2046 2066 4
2047 2069 3
2047 2070 0
2048 2060 6
2049 2061 5
2049 2065 6
2049 2072 5
2050 2052 5
2050 2055 5
2050 2067 6
2051 2071 5
2052 2055 5
2052 2067 5
2052 2071 4
2053 2058 5
2053 2068 5
2053 2070 4
2054 2062 6
2054 2064 6
2054 2066 6
2055 2067 5
2056 2057 2
2058 2068 5
2058 2070 4
2059 2069 2
2061 2065 5
2061 2072 6
2062 2064 6
2062 2066 6
2064 2066 6
2065 2072 5
2068 2069 1
2068 2070 3
2074 2075 6
2074 2077 6
2075 2077 6
2081 2082 5
2082 2095 1
2083 2091 4
2084 2086 2
2098 2100 5
CPU time = 21537 seconds
