98 138  -1
1 65  -1
130 33  -1
174 122  -1
4 121  -1
167 44  -1
93 10  -1
12 139  -1
23 151  -1
47 112  -1
144 105  -1
166 75  -1
18 71  -1
4 125  -1
93 2  -1
99 40  -1
7 150  -1
108 9  -1
19 60  -1
20 139  -1
173 2  -1
130 85  -1
102 7  -1
14 176  -1
5 136  -1
74 20  -1
15 109  -1
133 128  -1
105 4  -1
28 129  -1
159 88  -1
21 151  -1
141 106  -1
91 33  -1
153 50  -1
145 89  -1
7 123  -1
13 64  -1
1 75  -1
59 165  -1
50 77  -1
84 29  -1
70 27  -1
5 65  -1
84 48  -1
50 168  -1
19 125  -1
96 27  -1
121 12  -1
153 109  -1
80 176  -1
45 110  -1
133 1  -1
125 166  -1
32 86  -1
21 108  -1
62 158  -1
137 28  -1
142 111  -1
96 43  -1
87 48  -1
130 63  -1
69 152  -1
160 89  -1
17 166  -1
35 10  1
4 26  1
149 148  1
72 114  1
124 90  1
68 113  1
0 14  1
35 47  1
62 65  1
127 118  1
164 174  1
43 45  1
122 72  1
50 9  1
106 114  1
101 85  1
173 140  1
141 133  1
94 69  1
58 19  1
176 169  1
123 59  1
68 105  1
145 161  1
67 81  1
129 126  1
61 114  1
46 5  1
55 27  1
108 99  1
99 120  1
80 87  1
173 165  1
103 98  1
69 91  1
